<?xml version="1.0" encoding="UTF-8"?>
<robot generator="Robot 7.0 (Python 3.11.0 on win32)" generated="2024-05-14T19:20:08.030608" rpa="false" schemaversion="5">
<suite id="s1" name="Register" source="C:\TailieuhctapPM\Kiem thu\Thuc hanh\Final\ck\Register function\register.robot">
<kw name="Open app" owner="resources" type="SETUP">
<kw name="Open Application" owner="AppiumLibrary">
<arg>${APP_URL}</arg>
<arg>platformName=android</arg>
<arg>platformVersion=14</arg>
<arg>deviceName=emulator-5554</arg>
<arg>appPackage=com.example.vamsi.login</arg>
<arg>appActivity=com.example.vamsi.login.MainActivity</arg>
<arg>automationName=UiAutomator2</arg>
<doc>Opens a new application to given Appium server.
Capabilities of appium server, Android and iOS,
Please check https://github.com/appium/appium/blob/master/docs/en/writing-running-appium/server-args.md
| *Option*            | *Man.* | *Description*     |
| remote_url          | Yes    | Appium server url |
| alias               | no     | alias             |
| strict_ssl          | No     | allows you to send commands to an invalid certificate host like a self-signed one. |</doc>
<status status="PASS" start="2024-05-14T19:20:08.218038" elapsed="4.044828"/>
</kw>
<status status="PASS" start="2024-05-14T19:20:08.218038" elapsed="4.044828"/>
</kw>
<test id="s1-t1" name="Register with all fields filled in" line="7">
<kw name="Go to register" owner="resources">
<kw name="Wait Until Element Is Visible" owner="AppiumLibrary">
<msg time="2024-05-14T19:20:13.218531" level="INFO">criteria is com.example.vamsi.login:id/tvRegister</msg>
<arg>${REGISTER}</arg>
<doc>Waits until element specified with `locator` is visible.</doc>
<status status="PASS" start="2024-05-14T19:20:12.263864" elapsed="0.954667"/>
</kw>
<kw name="Click Element" owner="AppiumLibrary">
<msg time="2024-05-14T19:20:13.219754" level="INFO">Clicking element 'com.example.vamsi.login:id/tvRegister'.</msg>
<msg time="2024-05-14T19:20:13.310519" level="INFO">criteria is com.example.vamsi.login:id/tvRegister</msg>
<arg>${REGISTER}</arg>
<doc>Click element identified by `locator`.</doc>
<status status="PASS" start="2024-05-14T19:20:13.218531" elapsed="0.091988"/>
</kw>
<kw name="Sleep" owner="BuiltIn">
<msg time="2024-05-14T19:20:15.311384" level="INFO">Slept 2 seconds.</msg>
<arg>2</arg>
<doc>Pauses the test executed for the given time.</doc>
<status status="PASS" start="2024-05-14T19:20:13.311028" elapsed="2.000356"/>
</kw>
<status status="PASS" start="2024-05-14T19:20:12.262866" elapsed="3.048518"/>
</kw>
<kw name="Verify Register page" owner="resources">
<kw name="Wait Until Element Is Visible" owner="AppiumLibrary">
<msg time="2024-05-14T19:20:15.881854" level="INFO">xpath criteria: //android.widget.TextView[@text="Registration"]</msg>
<arg>//android.widget.TextView[@text="Registration"]</arg>
<doc>Waits until element specified with `locator` is visible.</doc>
<status status="PASS" start="2024-05-14T19:20:15.312746" elapsed="0.569108"/>
</kw>
<kw name="Page Should Contain Element" owner="AppiumLibrary">
<msg time="2024-05-14T19:20:15.943218" level="INFO">Current page contains element '//android.widget.TextView[@text="Registration"]'.</msg>
<msg time="2024-05-14T19:20:15.943218" level="INFO">xpath criteria: //android.widget.TextView[@text="Registration"]</msg>
<arg>//android.widget.TextView[@text="Registration"]</arg>
<doc>Verifies that current page contains `locator` element.</doc>
<status status="PASS" start="2024-05-14T19:20:15.881854" elapsed="0.061364"/>
</kw>
<kw name="Element Text Should Be" owner="AppiumLibrary">
<msg time="2024-05-14T19:20:15.944214" level="INFO">Verifying element '//android.widget.TextView[@text="Registration"]' contains exactly text 'Registration'.</msg>
<msg time="2024-05-14T19:20:16.016468" level="INFO">xpath criteria: //android.widget.TextView[@text="Registration"]</msg>
<arg>//android.widget.TextView[@text="Registration"]</arg>
<arg>Registration</arg>
<doc>Verifies element identified by ``locator`` exactly contains text ``expected``.</doc>
<status status="PASS" start="2024-05-14T19:20:15.943218" elapsed="0.073250"/>
</kw>
<kw name="Page Should Contain Element" owner="AppiumLibrary">
<msg time="2024-05-14T19:20:16.047312" level="INFO">Current page contains element 'com.example.vamsi.login:id/etRegName'.</msg>
<msg time="2024-05-14T19:20:16.047312" level="INFO">criteria is com.example.vamsi.login:id/etRegName</msg>
<arg>${REGISTER_NAME}</arg>
<doc>Verifies that current page contains `locator` element.</doc>
<status status="PASS" start="2024-05-14T19:20:16.016468" elapsed="0.030844"/>
</kw>
<kw name="Element Text Should Be" owner="AppiumLibrary">
<msg time="2024-05-14T19:20:16.048447" level="INFO">Verifying element 'com.example.vamsi.login:id/etRegName' contains exactly text 'Name'.</msg>
<msg time="2024-05-14T19:20:16.089848" level="INFO">criteria is com.example.vamsi.login:id/etRegName</msg>
<arg>${REGISTER_NAME}</arg>
<arg>Name</arg>
<doc>Verifies element identified by ``locator`` exactly contains text ``expected``.</doc>
<status status="PASS" start="2024-05-14T19:20:16.047312" elapsed="0.042639"/>
</kw>
<kw name="Page Should Contain Element" owner="AppiumLibrary">
<msg time="2024-05-14T19:20:16.120902" level="INFO">Current page contains element 'com.example.vamsi.login:id/etRegPhone'.</msg>
<msg time="2024-05-14T19:20:16.120902" level="INFO">criteria is com.example.vamsi.login:id/etRegPhone</msg>
<arg>${REGISTER_PHONE}</arg>
<doc>Verifies that current page contains `locator` element.</doc>
<status status="PASS" start="2024-05-14T19:20:16.089951" elapsed="0.030951"/>
</kw>
<kw name="Element Text Should Be" owner="AppiumLibrary">
<msg time="2024-05-14T19:20:16.121959" level="INFO">Verifying element 'com.example.vamsi.login:id/etRegPhone' contains exactly text 'Phone number'.</msg>
<msg time="2024-05-14T19:20:16.163851" level="INFO">criteria is com.example.vamsi.login:id/etRegPhone</msg>
<arg>${REGISTER_PHONE}</arg>
<arg>Phone number</arg>
<doc>Verifies element identified by ``locator`` exactly contains text ``expected``.</doc>
<status status="PASS" start="2024-05-14T19:20:16.121959" elapsed="0.041892"/>
</kw>
<kw name="Page Should Contain Element" owner="AppiumLibrary">
<msg time="2024-05-14T19:20:16.194758" level="INFO">Current page contains element 'com.example.vamsi.login:id/etRegGmail'.</msg>
<msg time="2024-05-14T19:20:16.194758" level="INFO">criteria is com.example.vamsi.login:id/etRegGmail</msg>
<arg>${REGISTER_GMAIL}</arg>
<doc>Verifies that current page contains `locator` element.</doc>
<status status="PASS" start="2024-05-14T19:20:16.163851" elapsed="0.030907"/>
</kw>
<kw name="Element Text Should Be" owner="AppiumLibrary">
<msg time="2024-05-14T19:20:16.195882" level="INFO">Verifying element 'com.example.vamsi.login:id/etRegGmail' contains exactly text 'Gmail'.</msg>
<msg time="2024-05-14T19:20:16.236613" level="INFO">criteria is com.example.vamsi.login:id/etRegGmail</msg>
<arg>${REGISTER_GMAIL}</arg>
<arg>Gmail</arg>
<doc>Verifies element identified by ``locator`` exactly contains text ``expected``.</doc>
<status status="PASS" start="2024-05-14T19:20:16.195882" elapsed="0.040731"/>
</kw>
<kw name="Page Should Contain Element" owner="AppiumLibrary">
<msg time="2024-05-14T19:20:16.268480" level="INFO">Current page contains element 'com.example.vamsi.login:id/etRegPassword'.</msg>
<msg time="2024-05-14T19:20:16.269492" level="INFO">criteria is com.example.vamsi.login:id/etRegPassword</msg>
<arg>${REGISTER_PASSWORD}</arg>
<doc>Verifies that current page contains `locator` element.</doc>
<status status="PASS" start="2024-05-14T19:20:16.236613" elapsed="0.032879"/>
</kw>
<kw name="Element Text Should Be" owner="AppiumLibrary">
<msg time="2024-05-14T19:20:16.270489" level="INFO">Verifying element 'com.example.vamsi.login:id/etRegPassword' contains exactly text 'Password'.</msg>
<msg time="2024-05-14T19:20:16.310206" level="INFO">criteria is com.example.vamsi.login:id/etRegPassword</msg>
<arg>${REGISTER_PASSWORD}</arg>
<arg>Password</arg>
<doc>Verifies element identified by ``locator`` exactly contains text ``expected``.</doc>
<status status="PASS" start="2024-05-14T19:20:16.269492" elapsed="0.040714"/>
</kw>
<kw name="Page Should Contain Element" owner="AppiumLibrary">
<msg time="2024-05-14T19:20:16.340758" level="INFO">Current page contains element 'com.example.vamsi.login:id/btnRegLogin'.</msg>
<msg time="2024-05-14T19:20:16.340764" level="INFO">criteria is com.example.vamsi.login:id/btnRegLogin</msg>
<arg>${REGISTER_BUTTON}</arg>
<doc>Verifies that current page contains `locator` element.</doc>
<status status="PASS" start="2024-05-14T19:20:16.310206" elapsed="0.030558"/>
</kw>
<kw name="Element Text Should Be" owner="AppiumLibrary">
<msg time="2024-05-14T19:20:16.341737" level="INFO">Verifying element 'com.example.vamsi.login:id/btnRegLogin' contains exactly text 'Register'.</msg>
<msg time="2024-05-14T19:20:16.379964" level="INFO">criteria is com.example.vamsi.login:id/btnRegLogin</msg>
<arg>${REGISTER_BUTTON}</arg>
<arg>Register</arg>
<doc>Verifies element identified by ``locator`` exactly contains text ``expected``.</doc>
<status status="PASS" start="2024-05-14T19:20:16.340764" elapsed="0.039200"/>
</kw>
<kw name="Page Should Contain Element" owner="AppiumLibrary">
<msg time="2024-05-14T19:20:16.410286" level="INFO">Current page contains element 'com.example.vamsi.login:id/btnGotoLogin'.</msg>
<msg time="2024-05-14T19:20:16.410286" level="INFO">criteria is com.example.vamsi.login:id/btnGotoLogin</msg>
<arg>${REGISTER_LOGIN}</arg>
<doc>Verifies that current page contains `locator` element.</doc>
<status status="PASS" start="2024-05-14T19:20:16.379964" elapsed="0.030322"/>
</kw>
<kw name="Element Text Should Be" owner="AppiumLibrary">
<msg time="2024-05-14T19:20:16.411300" level="INFO">Verifying element 'com.example.vamsi.login:id/btnGotoLogin' contains exactly text 'Login'.</msg>
<msg time="2024-05-14T19:20:16.450887" level="INFO">criteria is com.example.vamsi.login:id/btnGotoLogin</msg>
<arg>${REGISTER_LOGIN}</arg>
<arg>Login</arg>
<doc>Verifies element identified by ``locator`` exactly contains text ``expected``.</doc>
<status status="PASS" start="2024-05-14T19:20:16.410286" elapsed="0.040601"/>
</kw>
<status status="PASS" start="2024-05-14T19:20:15.311384" elapsed="1.139503"/>
</kw>
<kw name="Fill in info to register" owner="resources">
<kw name="Wait Until Element Is Visible" owner="AppiumLibrary">
<msg time="2024-05-14T19:20:16.491852" level="INFO">criteria is com.example.vamsi.login:id/etRegName</msg>
<arg>${REGISTER_NAME}</arg>
<doc>Waits until element specified with `locator` is visible.</doc>
<status status="PASS" start="2024-05-14T19:20:16.451879" elapsed="0.039973"/>
</kw>
<kw name="Input Text" owner="AppiumLibrary">
<msg time="2024-05-14T19:20:16.493310" level="INFO">Typing text 'Truong Dinh Van' into text field 'com.example.vamsi.login:id/etRegName'</msg>
<msg time="2024-05-14T19:20:17.051391" level="INFO">criteria is com.example.vamsi.login:id/etRegName</msg>
<arg>${REGISTER_NAME}</arg>
<arg>${name}</arg>
<doc>Types the given `text` into text field identified by `locator`.</doc>
<status status="PASS" start="2024-05-14T19:20:16.491852" elapsed="0.559539"/>
</kw>
<kw name="Input Text" owner="AppiumLibrary">
<msg time="2024-05-14T19:20:17.052389" level="INFO">Typing text '0171728446' into text field 'com.example.vamsi.login:id/etRegPhone'</msg>
<msg time="2024-05-14T19:20:18.104791" level="INFO">criteria is com.example.vamsi.login:id/etRegPhone</msg>
<arg>${REGISTER_PHONE}</arg>
<arg>${phone}</arg>
<doc>Types the given `text` into text field identified by `locator`.</doc>
<status status="PASS" start="2024-05-14T19:20:17.051391" elapsed="1.053400"/>
</kw>
<kw name="Input Text" owner="AppiumLibrary">
<msg time="2024-05-14T19:20:18.105788" level="INFO">Typing text 'Dinhvan@gmail.com' into text field 'com.example.vamsi.login:id/etRegGmail'</msg>
<msg time="2024-05-14T19:20:19.120626" level="INFO">criteria is com.example.vamsi.login:id/etRegGmail</msg>
<arg>${REGISTER_GMAIL}</arg>
<arg>${email}</arg>
<doc>Types the given `text` into text field identified by `locator`.</doc>
<status status="PASS" start="2024-05-14T19:20:18.104791" elapsed="1.015835"/>
</kw>
<kw name="Input Text" owner="AppiumLibrary">
<msg time="2024-05-14T19:20:19.121628" level="INFO">Typing text 'Van123' into text field 'com.example.vamsi.login:id/etRegPassword'</msg>
<msg time="2024-05-14T19:20:20.136983" level="INFO">criteria is com.example.vamsi.login:id/etRegPassword</msg>
<arg>${REGISTER_PASSWORD}</arg>
<arg>${password}</arg>
<doc>Types the given `text` into text field identified by `locator`.</doc>
<status status="PASS" start="2024-05-14T19:20:19.120626" elapsed="1.016357"/>
</kw>
<arg>${USER1}[name]</arg>
<arg>${USER1}[phone]</arg>
<arg>${USER1}[email]</arg>
<arg>${USER1}[password]</arg>
<status status="PASS" start="2024-05-14T19:20:16.451879" elapsed="3.685104"/>
</kw>
<kw name="Check info at field to register" owner="resources">
<kw name="Wait Until Element Is Visible" owner="AppiumLibrary">
<msg time="2024-05-14T19:20:20.642206" level="INFO">criteria is com.example.vamsi.login:id/etRegName</msg>
<arg>${REGISTER_NAME}</arg>
<doc>Waits until element specified with `locator` is visible.</doc>
<status status="PASS" start="2024-05-14T19:20:20.137484" elapsed="0.504722"/>
</kw>
<kw name="Element Text Should Be" owner="AppiumLibrary">
<msg time="2024-05-14T19:20:20.643209" level="INFO">Verifying element 'com.example.vamsi.login:id/etRegName' contains exactly text 'Truong Dinh Van'.</msg>
<msg time="2024-05-14T19:20:20.687885" level="INFO">criteria is com.example.vamsi.login:id/etRegName</msg>
<arg>${REGISTER_NAME}</arg>
<arg>${name}</arg>
<doc>Verifies element identified by ``locator`` exactly contains text ``expected``.</doc>
<status status="PASS" start="2024-05-14T19:20:20.642206" elapsed="0.045679"/>
</kw>
<kw name="Element Text Should Be" owner="AppiumLibrary">
<msg time="2024-05-14T19:20:20.689012" level="INFO">Verifying element 'com.example.vamsi.login:id/etRegPhone' contains exactly text '0171728446'.</msg>
<msg time="2024-05-14T19:20:20.730214" level="INFO">criteria is com.example.vamsi.login:id/etRegPhone</msg>
<arg>${REGISTER_PHONE}</arg>
<arg>${phone}</arg>
<doc>Verifies element identified by ``locator`` exactly contains text ``expected``.</doc>
<status status="PASS" start="2024-05-14T19:20:20.687885" elapsed="0.042329"/>
</kw>
<kw name="Element Text Should Be" owner="AppiumLibrary">
<msg time="2024-05-14T19:20:20.731212" level="INFO">Verifying element 'com.example.vamsi.login:id/etRegGmail' contains exactly text 'Dinhvan@gmail.com'.</msg>
<msg time="2024-05-14T19:20:20.773191" level="INFO">criteria is com.example.vamsi.login:id/etRegGmail</msg>
<arg>${REGISTER_GMAIL}</arg>
<arg>${email}</arg>
<doc>Verifies element identified by ``locator`` exactly contains text ``expected``.</doc>
<status status="PASS" start="2024-05-14T19:20:20.730214" elapsed="0.042977"/>
</kw>
<kw name="Element Attribute Should Match" owner="AppiumLibrary">
<msg time="2024-05-14T19:20:20.814878" level="INFO">Element 'com.example.vamsi.login:id/etRegPassword' attribute 'password' is 'true' </msg>
<msg time="2024-05-14T19:20:20.814878" level="INFO">criteria is com.example.vamsi.login:id/etRegPassword</msg>
<arg>${REGISTER_PASSWORD}</arg>
<arg>password</arg>
<arg>true</arg>
<doc>Verify that an attribute of an element matches the expected criteria.</doc>
<status status="PASS" start="2024-05-14T19:20:20.773191" elapsed="0.041687"/>
</kw>
<kw name="Element Text Should Be" owner="AppiumLibrary">
<msg time="2024-05-14T19:20:20.815875" level="INFO">Verifying element 'com.example.vamsi.login:id/etRegPassword' contains exactly text '••••••'.</msg>
<msg time="2024-05-14T19:20:20.854839" level="INFO">criteria is com.example.vamsi.login:id/etRegPassword</msg>
<arg>${REGISTER_PASSWORD}</arg>
<arg>${password}</arg>
<doc>Verifies element identified by ``locator`` exactly contains text ``expected``.</doc>
<status status="PASS" start="2024-05-14T19:20:20.814878" elapsed="0.039961"/>
</kw>
<arg>${USER1}[name]</arg>
<arg>${USER1}[phone]</arg>
<arg>${USER1}[email]</arg>
<arg>••••••</arg>
<status status="PASS" start="2024-05-14T19:20:20.137484" elapsed="0.717355"/>
</kw>
<kw name="Submit to register" owner="resources">
<kw name="Wait Until Element Is Visible" owner="AppiumLibrary">
<msg time="2024-05-14T19:20:20.895883" level="INFO">criteria is com.example.vamsi.login:id/btnRegLogin</msg>
<arg>${REGISTER_BUTTON}</arg>
<doc>Waits until element specified with `locator` is visible.</doc>
<status status="PASS" start="2024-05-14T19:20:20.855945" elapsed="0.039938"/>
</kw>
<kw name="Click Element" owner="AppiumLibrary">
<msg time="2024-05-14T19:20:20.896878" level="INFO">Clicking element 'com.example.vamsi.login:id/btnRegLogin'.</msg>
<msg time="2024-05-14T19:20:20.975779" level="INFO">criteria is com.example.vamsi.login:id/btnRegLogin</msg>
<arg>${REGISTER_BUTTON}</arg>
<doc>Click element identified by `locator`.</doc>
<status status="PASS" start="2024-05-14T19:20:20.895883" elapsed="0.079896"/>
</kw>
<kw name="Sleep" owner="BuiltIn">
<msg time="2024-05-14T19:20:22.975981" level="INFO">Slept 2 seconds.</msg>
<arg>2</arg>
<doc>Pauses the test executed for the given time.</doc>
<status status="PASS" start="2024-05-14T19:20:20.975779" elapsed="2.000202"/>
</kw>
<status status="PASS" start="2024-05-14T19:20:20.855945" elapsed="2.120036"/>
</kw>
<kw name="Wait Until Page Contains" owner="AppiumLibrary">
<arg>Registration Successful</arg>
<doc>Waits until `text` appears on current page.</doc>
<status status="PASS" start="2024-05-14T19:20:22.976964" elapsed="0.054136"/>
</kw>
<kw name="Page Should Contain Text" owner="AppiumLibrary">
<msg time="2024-05-14T19:20:23.088761" level="INFO">Current page contains text 'Registration Successful'.</msg>
<arg>Registration Successful</arg>
<doc>Verifies that current page contains `text`.</doc>
<status status="PASS" start="2024-05-14T19:20:23.032094" elapsed="0.056667"/>
</kw>
<kw name="Go to login at register" owner="resources">
<kw name="Wait Until Element Is Visible" owner="AppiumLibrary">
<msg time="2024-05-14T19:20:23.133482" level="INFO">criteria is com.example.vamsi.login:id/btnGotoLogin</msg>
<arg>${REGISTER_LOGIN}</arg>
<doc>Waits until element specified with `locator` is visible.</doc>
<status status="PASS" start="2024-05-14T19:20:23.089264" elapsed="0.044218"/>
</kw>
<kw name="Click Element" owner="AppiumLibrary">
<msg time="2024-05-14T19:20:23.134479" level="INFO">Clicking element 'com.example.vamsi.login:id/btnGotoLogin'.</msg>
<msg time="2024-05-14T19:20:23.218511" level="INFO">criteria is com.example.vamsi.login:id/btnGotoLogin</msg>
<arg>${REGISTER_LOGIN}</arg>
<doc>Click element identified by `locator`.</doc>
<status status="PASS" start="2024-05-14T19:20:23.133482" elapsed="0.085029"/>
</kw>
<kw name="Sleep" owner="BuiltIn">
<msg time="2024-05-14T19:20:25.219734" level="INFO">Slept 2 seconds.</msg>
<arg>2</arg>
<doc>Pauses the test executed for the given time.</doc>
<status status="PASS" start="2024-05-14T19:20:23.218511" elapsed="2.001223"/>
</kw>
<status status="PASS" start="2024-05-14T19:20:23.089264" elapsed="2.130470"/>
</kw>
<status status="PASS" start="2024-05-14T19:20:12.262866" elapsed="12.956868"/>
</test>
<test id="s1-t2" name="Register with only name filled in" line="21">
<kw name="Go to register" owner="resources">
<kw name="Wait Until Element Is Visible" owner="AppiumLibrary">
<msg time="2024-05-14T19:20:25.259584" level="INFO">criteria is com.example.vamsi.login:id/tvRegister</msg>
<arg>${REGISTER}</arg>
<doc>Waits until element specified with `locator` is visible.</doc>
<status status="PASS" start="2024-05-14T19:20:25.221721" elapsed="0.037863"/>
</kw>
<kw name="Click Element" owner="AppiumLibrary">
<msg time="2024-05-14T19:20:25.260881" level="INFO">Clicking element 'com.example.vamsi.login:id/tvRegister'.</msg>
<msg time="2024-05-14T19:20:26.638335" level="INFO">criteria is com.example.vamsi.login:id/tvRegister</msg>
<arg>${REGISTER}</arg>
<doc>Click element identified by `locator`.</doc>
<status status="PASS" start="2024-05-14T19:20:25.259584" elapsed="1.378751"/>
</kw>
<kw name="Sleep" owner="BuiltIn">
<msg time="2024-05-14T19:20:28.639339" level="INFO">Slept 2 seconds.</msg>
<arg>2</arg>
<doc>Pauses the test executed for the given time.</doc>
<status status="PASS" start="2024-05-14T19:20:26.638335" elapsed="2.001004"/>
</kw>
<status status="PASS" start="2024-05-14T19:20:25.221721" elapsed="3.417618"/>
</kw>
<kw name="Verify Register page" owner="resources">
<kw name="Wait Until Element Is Visible" owner="AppiumLibrary">
<msg time="2024-05-14T19:20:28.711426" level="INFO">xpath criteria: //android.widget.TextView[@text="Registration"]</msg>
<arg>//android.widget.TextView[@text="Registration"]</arg>
<doc>Waits until element specified with `locator` is visible.</doc>
<status status="PASS" start="2024-05-14T19:20:28.640332" elapsed="0.071094"/>
</kw>
<kw name="Page Should Contain Element" owner="AppiumLibrary">
<msg time="2024-05-14T19:20:28.769203" level="INFO">Current page contains element '//android.widget.TextView[@text="Registration"]'.</msg>
<msg time="2024-05-14T19:20:28.769203" level="INFO">xpath criteria: //android.widget.TextView[@text="Registration"]</msg>
<arg>//android.widget.TextView[@text="Registration"]</arg>
<doc>Verifies that current page contains `locator` element.</doc>
<status status="PASS" start="2024-05-14T19:20:28.711426" elapsed="0.057777"/>
</kw>
<kw name="Element Text Should Be" owner="AppiumLibrary">
<msg time="2024-05-14T19:20:28.770200" level="INFO">Verifying element '//android.widget.TextView[@text="Registration"]' contains exactly text 'Registration'.</msg>
<msg time="2024-05-14T19:20:28.840604" level="INFO">xpath criteria: //android.widget.TextView[@text="Registration"]</msg>
<arg>//android.widget.TextView[@text="Registration"]</arg>
<arg>Registration</arg>
<doc>Verifies element identified by ``locator`` exactly contains text ``expected``.</doc>
<status status="PASS" start="2024-05-14T19:20:28.770200" elapsed="0.070404"/>
</kw>
<kw name="Page Should Contain Element" owner="AppiumLibrary">
<msg time="2024-05-14T19:20:28.870975" level="INFO">Current page contains element 'com.example.vamsi.login:id/etRegName'.</msg>
<msg time="2024-05-14T19:20:28.870975" level="INFO">criteria is com.example.vamsi.login:id/etRegName</msg>
<arg>${REGISTER_NAME}</arg>
<doc>Verifies that current page contains `locator` element.</doc>
<status status="PASS" start="2024-05-14T19:20:28.840604" elapsed="0.030371"/>
</kw>
<kw name="Element Text Should Be" owner="AppiumLibrary">
<msg time="2024-05-14T19:20:28.871973" level="INFO">Verifying element 'com.example.vamsi.login:id/etRegName' contains exactly text 'Name'.</msg>
<msg time="2024-05-14T19:20:28.912400" level="INFO">criteria is com.example.vamsi.login:id/etRegName</msg>
<arg>${REGISTER_NAME}</arg>
<arg>Name</arg>
<doc>Verifies element identified by ``locator`` exactly contains text ``expected``.</doc>
<status status="PASS" start="2024-05-14T19:20:28.870975" elapsed="0.041425"/>
</kw>
<kw name="Page Should Contain Element" owner="AppiumLibrary">
<msg time="2024-05-14T19:20:28.941358" level="INFO">Current page contains element 'com.example.vamsi.login:id/etRegPhone'.</msg>
<msg time="2024-05-14T19:20:28.941358" level="INFO">criteria is com.example.vamsi.login:id/etRegPhone</msg>
<arg>${REGISTER_PHONE}</arg>
<doc>Verifies that current page contains `locator` element.</doc>
<status status="PASS" start="2024-05-14T19:20:28.912400" elapsed="0.028958"/>
</kw>
<kw name="Element Text Should Be" owner="AppiumLibrary">
<msg time="2024-05-14T19:20:28.942355" level="INFO">Verifying element 'com.example.vamsi.login:id/etRegPhone' contains exactly text 'Phone number'.</msg>
<msg time="2024-05-14T19:20:28.982674" level="INFO">criteria is com.example.vamsi.login:id/etRegPhone</msg>
<arg>${REGISTER_PHONE}</arg>
<arg>Phone number</arg>
<doc>Verifies element identified by ``locator`` exactly contains text ``expected``.</doc>
<status status="PASS" start="2024-05-14T19:20:28.941358" elapsed="0.041316"/>
</kw>
<kw name="Page Should Contain Element" owner="AppiumLibrary">
<msg time="2024-05-14T19:20:29.012052" level="INFO">Current page contains element 'com.example.vamsi.login:id/etRegGmail'.</msg>
<msg time="2024-05-14T19:20:29.012052" level="INFO">criteria is com.example.vamsi.login:id/etRegGmail</msg>
<arg>${REGISTER_GMAIL}</arg>
<doc>Verifies that current page contains `locator` element.</doc>
<status status="PASS" start="2024-05-14T19:20:28.982674" elapsed="0.029378"/>
</kw>
<kw name="Element Text Should Be" owner="AppiumLibrary">
<msg time="2024-05-14T19:20:29.013049" level="INFO">Verifying element 'com.example.vamsi.login:id/etRegGmail' contains exactly text 'Gmail'.</msg>
<msg time="2024-05-14T19:20:29.054891" level="INFO">criteria is com.example.vamsi.login:id/etRegGmail</msg>
<arg>${REGISTER_GMAIL}</arg>
<arg>Gmail</arg>
<doc>Verifies element identified by ``locator`` exactly contains text ``expected``.</doc>
<status status="PASS" start="2024-05-14T19:20:29.012052" elapsed="0.042839"/>
</kw>
<kw name="Page Should Contain Element" owner="AppiumLibrary">
<msg time="2024-05-14T19:20:29.085362" level="INFO">Current page contains element 'com.example.vamsi.login:id/etRegPassword'.</msg>
<msg time="2024-05-14T19:20:29.085362" level="INFO">criteria is com.example.vamsi.login:id/etRegPassword</msg>
<arg>${REGISTER_PASSWORD}</arg>
<doc>Verifies that current page contains `locator` element.</doc>
<status status="PASS" start="2024-05-14T19:20:29.054891" elapsed="0.030471"/>
</kw>
<kw name="Element Text Should Be" owner="AppiumLibrary">
<msg time="2024-05-14T19:20:29.086358" level="INFO">Verifying element 'com.example.vamsi.login:id/etRegPassword' contains exactly text 'Password'.</msg>
<msg time="2024-05-14T19:20:29.124861" level="INFO">criteria is com.example.vamsi.login:id/etRegPassword</msg>
<arg>${REGISTER_PASSWORD}</arg>
<arg>Password</arg>
<doc>Verifies element identified by ``locator`` exactly contains text ``expected``.</doc>
<status status="PASS" start="2024-05-14T19:20:29.085362" elapsed="0.039499"/>
</kw>
<kw name="Page Should Contain Element" owner="AppiumLibrary">
<msg time="2024-05-14T19:20:29.154267" level="INFO">Current page contains element 'com.example.vamsi.login:id/btnRegLogin'.</msg>
<msg time="2024-05-14T19:20:29.154267" level="INFO">criteria is com.example.vamsi.login:id/btnRegLogin</msg>
<arg>${REGISTER_BUTTON}</arg>
<doc>Verifies that current page contains `locator` element.</doc>
<status status="PASS" start="2024-05-14T19:20:29.124861" elapsed="0.029406"/>
</kw>
<kw name="Element Text Should Be" owner="AppiumLibrary">
<msg time="2024-05-14T19:20:29.155264" level="INFO">Verifying element 'com.example.vamsi.login:id/btnRegLogin' contains exactly text 'Register'.</msg>
<msg time="2024-05-14T19:20:29.194389" level="INFO">criteria is com.example.vamsi.login:id/btnRegLogin</msg>
<arg>${REGISTER_BUTTON}</arg>
<arg>Register</arg>
<doc>Verifies element identified by ``locator`` exactly contains text ``expected``.</doc>
<status status="PASS" start="2024-05-14T19:20:29.154267" elapsed="0.040122"/>
</kw>
<kw name="Page Should Contain Element" owner="AppiumLibrary">
<msg time="2024-05-14T19:20:29.224343" level="INFO">Current page contains element 'com.example.vamsi.login:id/btnGotoLogin'.</msg>
<msg time="2024-05-14T19:20:29.224343" level="INFO">criteria is com.example.vamsi.login:id/btnGotoLogin</msg>
<arg>${REGISTER_LOGIN}</arg>
<doc>Verifies that current page contains `locator` element.</doc>
<status status="PASS" start="2024-05-14T19:20:29.194389" elapsed="0.029954"/>
</kw>
<kw name="Element Text Should Be" owner="AppiumLibrary">
<msg time="2024-05-14T19:20:29.225339" level="INFO">Verifying element 'com.example.vamsi.login:id/btnGotoLogin' contains exactly text 'Login'.</msg>
<msg time="2024-05-14T19:20:29.262915" level="INFO">criteria is com.example.vamsi.login:id/btnGotoLogin</msg>
<arg>${REGISTER_LOGIN}</arg>
<arg>Login</arg>
<doc>Verifies element identified by ``locator`` exactly contains text ``expected``.</doc>
<status status="PASS" start="2024-05-14T19:20:29.224343" elapsed="0.038572"/>
</kw>
<status status="PASS" start="2024-05-14T19:20:28.640332" elapsed="0.622583"/>
</kw>
<kw name="Fill in info to register" owner="resources">
<kw name="Wait Until Element Is Visible" owner="AppiumLibrary">
<msg time="2024-05-14T19:20:29.302682" level="INFO">criteria is com.example.vamsi.login:id/etRegName</msg>
<arg>${REGISTER_NAME}</arg>
<doc>Waits until element specified with `locator` is visible.</doc>
<status status="PASS" start="2024-05-14T19:20:29.263917" elapsed="0.038765"/>
</kw>
<kw name="Input Text" owner="AppiumLibrary">
<msg time="2024-05-14T19:20:29.303951" level="INFO">Typing text ' Tran Quang Dang' into text field 'com.example.vamsi.login:id/etRegName'</msg>
<msg time="2024-05-14T19:20:29.854710" level="INFO">criteria is com.example.vamsi.login:id/etRegName</msg>
<arg>${REGISTER_NAME}</arg>
<arg>${name}</arg>
<doc>Types the given `text` into text field identified by `locator`.</doc>
<status status="PASS" start="2024-05-14T19:20:29.303141" elapsed="0.551569"/>
</kw>
<kw name="Input Text" owner="AppiumLibrary">
<msg time="2024-05-14T19:20:29.855747" level="INFO">Typing text '' into text field 'com.example.vamsi.login:id/etRegPhone'</msg>
<msg time="2024-05-14T19:20:30.870447" level="INFO">criteria is com.example.vamsi.login:id/etRegPhone</msg>
<arg>${REGISTER_PHONE}</arg>
<arg>${phone}</arg>
<doc>Types the given `text` into text field identified by `locator`.</doc>
<status status="PASS" start="2024-05-14T19:20:29.854710" elapsed="1.015737"/>
</kw>
<kw name="Input Text" owner="AppiumLibrary">
<msg time="2024-05-14T19:20:30.871459" level="INFO">Typing text '' into text field 'com.example.vamsi.login:id/etRegGmail'</msg>
<msg time="2024-05-14T19:20:31.885997" level="INFO">criteria is com.example.vamsi.login:id/etRegGmail</msg>
<arg>${REGISTER_GMAIL}</arg>
<arg>${email}</arg>
<doc>Types the given `text` into text field identified by `locator`.</doc>
<status status="PASS" start="2024-05-14T19:20:30.870447" elapsed="1.015550"/>
</kw>
<kw name="Input Text" owner="AppiumLibrary">
<msg time="2024-05-14T19:20:31.888083" level="INFO">Typing text '' into text field 'com.example.vamsi.login:id/etRegPassword'</msg>
<msg time="2024-05-14T19:20:32.901322" level="INFO">criteria is com.example.vamsi.login:id/etRegPassword</msg>
<arg>${REGISTER_PASSWORD}</arg>
<arg>${password}</arg>
<doc>Types the given `text` into text field identified by `locator`.</doc>
<status status="PASS" start="2024-05-14T19:20:31.885997" elapsed="1.015325"/>
</kw>
<arg>${USER2}[name]</arg>
<arg>${EMPTY}</arg>
<arg>${EMPTY}</arg>
<arg>${EMPTY}</arg>
<status status="PASS" start="2024-05-14T19:20:29.262915" elapsed="3.638407"/>
</kw>
<kw name="Check info at field to register" owner="resources">
<kw name="Wait Until Element Is Visible" owner="AppiumLibrary">
<msg time="2024-05-14T19:20:33.406584" level="INFO">criteria is com.example.vamsi.login:id/etRegName</msg>
<arg>${REGISTER_NAME}</arg>
<doc>Waits until element specified with `locator` is visible.</doc>
<status status="PASS" start="2024-05-14T19:20:32.902328" elapsed="0.504256"/>
</kw>
<kw name="Element Text Should Be" owner="AppiumLibrary">
<msg time="2024-05-14T19:20:33.407581" level="INFO">Verifying element 'com.example.vamsi.login:id/etRegName' contains exactly text ' Tran Quang Dang'.</msg>
<msg time="2024-05-14T19:20:33.449534" level="INFO">criteria is com.example.vamsi.login:id/etRegName</msg>
<arg>${REGISTER_NAME}</arg>
<arg>${name}</arg>
<doc>Verifies element identified by ``locator`` exactly contains text ``expected``.</doc>
<status status="PASS" start="2024-05-14T19:20:33.406584" elapsed="0.042950"/>
</kw>
<kw name="Element Text Should Be" owner="AppiumLibrary">
<msg time="2024-05-14T19:20:33.450525" level="INFO">Verifying element 'com.example.vamsi.login:id/etRegPhone' contains exactly text 'Phone number'.</msg>
<msg time="2024-05-14T19:20:33.490866" level="INFO">criteria is com.example.vamsi.login:id/etRegPhone</msg>
<arg>${REGISTER_PHONE}</arg>
<arg>${phone}</arg>
<doc>Verifies element identified by ``locator`` exactly contains text ``expected``.</doc>
<status status="PASS" start="2024-05-14T19:20:33.449534" elapsed="0.041332"/>
</kw>
<kw name="Element Text Should Be" owner="AppiumLibrary">
<msg time="2024-05-14T19:20:33.492142" level="INFO">Verifying element 'com.example.vamsi.login:id/etRegGmail' contains exactly text 'Gmail'.</msg>
<msg time="2024-05-14T19:20:33.530612" level="INFO">criteria is com.example.vamsi.login:id/etRegGmail</msg>
<arg>${REGISTER_GMAIL}</arg>
<arg>${email}</arg>
<doc>Verifies element identified by ``locator`` exactly contains text ``expected``.</doc>
<status status="PASS" start="2024-05-14T19:20:33.490866" elapsed="0.039746"/>
</kw>
<kw name="Element Attribute Should Match" owner="AppiumLibrary">
<msg time="2024-05-14T19:20:33.572876" level="INFO">Element 'com.example.vamsi.login:id/etRegPassword' attribute 'password' is 'true' </msg>
<msg time="2024-05-14T19:20:33.572876" level="INFO">criteria is com.example.vamsi.login:id/etRegPassword</msg>
<arg>${REGISTER_PASSWORD}</arg>
<arg>password</arg>
<arg>true</arg>
<doc>Verify that an attribute of an element matches the expected criteria.</doc>
<status status="PASS" start="2024-05-14T19:20:33.530612" elapsed="0.042264"/>
</kw>
<kw name="Element Text Should Be" owner="AppiumLibrary">
<msg time="2024-05-14T19:20:33.573871" level="INFO">Verifying element 'com.example.vamsi.login:id/etRegPassword' contains exactly text 'Password'.</msg>
<msg time="2024-05-14T19:20:33.614276" level="INFO">criteria is com.example.vamsi.login:id/etRegPassword</msg>
<arg>${REGISTER_PASSWORD}</arg>
<arg>${password}</arg>
<doc>Verifies element identified by ``locator`` exactly contains text ``expected``.</doc>
<status status="PASS" start="2024-05-14T19:20:33.572876" elapsed="0.041400"/>
</kw>
<arg>${USER2}[name]</arg>
<arg>Phone number</arg>
<arg>Gmail</arg>
<arg>Password</arg>
<status status="PASS" start="2024-05-14T19:20:32.901322" elapsed="0.712954"/>
</kw>
<kw name="Submit to register" owner="resources">
<kw name="Wait Until Element Is Visible" owner="AppiumLibrary">
<msg time="2024-05-14T19:20:33.655648" level="INFO">criteria is com.example.vamsi.login:id/btnRegLogin</msg>
<arg>${REGISTER_BUTTON}</arg>
<doc>Waits until element specified with `locator` is visible.</doc>
<status status="PASS" start="2024-05-14T19:20:33.615482" elapsed="0.040166"/>
</kw>
<kw name="Click Element" owner="AppiumLibrary">
<msg time="2024-05-14T19:20:33.656649" level="INFO">Clicking element 'com.example.vamsi.login:id/btnRegLogin'.</msg>
<msg time="2024-05-14T19:20:33.743102" level="INFO">criteria is com.example.vamsi.login:id/btnRegLogin</msg>
<arg>${REGISTER_BUTTON}</arg>
<doc>Click element identified by `locator`.</doc>
<status status="PASS" start="2024-05-14T19:20:33.655648" elapsed="0.087523"/>
</kw>
<kw name="Sleep" owner="BuiltIn">
<msg time="2024-05-14T19:20:35.743891" level="INFO">Slept 2 seconds.</msg>
<arg>2</arg>
<doc>Pauses the test executed for the given time.</doc>
<status status="PASS" start="2024-05-14T19:20:33.743285" elapsed="2.000606"/>
</kw>
<status status="PASS" start="2024-05-14T19:20:33.615019" elapsed="2.128872"/>
</kw>
<kw name="Wait Until Page Contains" owner="AppiumLibrary">
<arg>Please fill all the details</arg>
<doc>Waits until `text` appears on current page.</doc>
<status status="PASS" start="2024-05-14T19:20:35.744770" elapsed="0.049505"/>
</kw>
<kw name="Page Should Contain Text" owner="AppiumLibrary">
<msg time="2024-05-14T19:20:35.849929" level="INFO">Current page contains text 'Please fill all the details'.</msg>
<arg>Please fill all the details</arg>
<doc>Verifies that current page contains `text`.</doc>
<status status="PASS" start="2024-05-14T19:20:35.794484" elapsed="0.055445"/>
</kw>
<kw name="Go to login at register" owner="resources">
<kw name="Wait Until Element Is Visible" owner="AppiumLibrary">
<msg time="2024-05-14T19:20:35.891473" level="INFO">criteria is com.example.vamsi.login:id/btnGotoLogin</msg>
<arg>${REGISTER_LOGIN}</arg>
<doc>Waits until element specified with `locator` is visible.</doc>
<status status="PASS" start="2024-05-14T19:20:35.850929" elapsed="0.040544"/>
</kw>
<kw name="Click Element" owner="AppiumLibrary">
<msg time="2024-05-14T19:20:35.893868" level="INFO">Clicking element 'com.example.vamsi.login:id/btnGotoLogin'.</msg>
<msg time="2024-05-14T19:20:35.976983" level="INFO">criteria is com.example.vamsi.login:id/btnGotoLogin</msg>
<arg>${REGISTER_LOGIN}</arg>
<doc>Click element identified by `locator`.</doc>
<status status="PASS" start="2024-05-14T19:20:35.892872" elapsed="0.085108"/>
</kw>
<kw name="Sleep" owner="BuiltIn">
<msg time="2024-05-14T19:20:37.978372" level="INFO">Slept 2 seconds.</msg>
<arg>2</arg>
<doc>Pauses the test executed for the given time.</doc>
<status status="PASS" start="2024-05-14T19:20:35.978036" elapsed="2.000336"/>
</kw>
<status status="PASS" start="2024-05-14T19:20:35.849929" elapsed="2.128443"/>
</kw>
<status status="PASS" start="2024-05-14T19:20:25.220723" elapsed="12.757649"/>
</test>
<test id="s1-t3" name="Register with only phone filled in" line="35">
<kw name="Go to register" owner="resources">
<kw name="Wait Until Element Is Visible" owner="AppiumLibrary">
<msg time="2024-05-14T19:20:38.016738" level="INFO">criteria is com.example.vamsi.login:id/tvRegister</msg>
<arg>${REGISTER}</arg>
<doc>Waits until element specified with `locator` is visible.</doc>
<status status="PASS" start="2024-05-14T19:20:37.980366" elapsed="0.036372"/>
</kw>
<kw name="Click Element" owner="AppiumLibrary">
<msg time="2024-05-14T19:20:38.017731" level="INFO">Clicking element 'com.example.vamsi.login:id/tvRegister'.</msg>
<msg time="2024-05-14T19:20:39.404804" level="INFO">criteria is com.example.vamsi.login:id/tvRegister</msg>
<arg>${REGISTER}</arg>
<doc>Click element identified by `locator`.</doc>
<status status="PASS" start="2024-05-14T19:20:38.016738" elapsed="1.388066"/>
</kw>
<kw name="Sleep" owner="BuiltIn">
<msg time="2024-05-14T19:20:41.405406" level="INFO">Slept 2 seconds.</msg>
<arg>2</arg>
<doc>Pauses the test executed for the given time.</doc>
<status status="PASS" start="2024-05-14T19:20:39.404804" elapsed="2.000602"/>
</kw>
<status status="PASS" start="2024-05-14T19:20:37.980366" elapsed="3.425040"/>
</kw>
<kw name="Verify Register page" owner="resources">
<kw name="Wait Until Element Is Visible" owner="AppiumLibrary">
<msg time="2024-05-14T19:20:41.475632" level="INFO">xpath criteria: //android.widget.TextView[@text="Registration"]</msg>
<arg>//android.widget.TextView[@text="Registration"]</arg>
<doc>Waits until element specified with `locator` is visible.</doc>
<status status="PASS" start="2024-05-14T19:20:41.406403" elapsed="0.069229"/>
</kw>
<kw name="Page Should Contain Element" owner="AppiumLibrary">
<msg time="2024-05-14T19:20:41.536345" level="INFO">Current page contains element '//android.widget.TextView[@text="Registration"]'.</msg>
<msg time="2024-05-14T19:20:41.536345" level="INFO">xpath criteria: //android.widget.TextView[@text="Registration"]</msg>
<arg>//android.widget.TextView[@text="Registration"]</arg>
<doc>Verifies that current page contains `locator` element.</doc>
<status status="PASS" start="2024-05-14T19:20:41.475632" elapsed="0.061786"/>
</kw>
<kw name="Element Text Should Be" owner="AppiumLibrary">
<msg time="2024-05-14T19:20:41.538415" level="INFO">Verifying element '//android.widget.TextView[@text="Registration"]' contains exactly text 'Registration'.</msg>
<msg time="2024-05-14T19:20:41.607294" level="INFO">xpath criteria: //android.widget.TextView[@text="Registration"]</msg>
<arg>//android.widget.TextView[@text="Registration"]</arg>
<arg>Registration</arg>
<doc>Verifies element identified by ``locator`` exactly contains text ``expected``.</doc>
<status status="PASS" start="2024-05-14T19:20:41.537418" elapsed="0.069876"/>
</kw>
<kw name="Page Should Contain Element" owner="AppiumLibrary">
<msg time="2024-05-14T19:20:41.637699" level="INFO">Current page contains element 'com.example.vamsi.login:id/etRegName'.</msg>
<msg time="2024-05-14T19:20:41.637699" level="INFO">criteria is com.example.vamsi.login:id/etRegName</msg>
<arg>${REGISTER_NAME}</arg>
<doc>Verifies that current page contains `locator` element.</doc>
<status status="PASS" start="2024-05-14T19:20:41.607294" elapsed="0.030405"/>
</kw>
<kw name="Element Text Should Be" owner="AppiumLibrary">
<msg time="2024-05-14T19:20:41.638734" level="INFO">Verifying element 'com.example.vamsi.login:id/etRegName' contains exactly text 'Name'.</msg>
<msg time="2024-05-14T19:20:41.675870" level="INFO">criteria is com.example.vamsi.login:id/etRegName</msg>
<arg>${REGISTER_NAME}</arg>
<arg>Name</arg>
<doc>Verifies element identified by ``locator`` exactly contains text ``expected``.</doc>
<status status="PASS" start="2024-05-14T19:20:41.637699" elapsed="0.038171"/>
</kw>
<kw name="Page Should Contain Element" owner="AppiumLibrary">
<msg time="2024-05-14T19:20:41.705230" level="INFO">Current page contains element 'com.example.vamsi.login:id/etRegPhone'.</msg>
<msg time="2024-05-14T19:20:41.705230" level="INFO">criteria is com.example.vamsi.login:id/etRegPhone</msg>
<arg>${REGISTER_PHONE}</arg>
<doc>Verifies that current page contains `locator` element.</doc>
<status status="PASS" start="2024-05-14T19:20:41.675870" elapsed="0.029858"/>
</kw>
<kw name="Element Text Should Be" owner="AppiumLibrary">
<msg time="2024-05-14T19:20:41.706727" level="INFO">Verifying element 'com.example.vamsi.login:id/etRegPhone' contains exactly text 'Phone number'.</msg>
<msg time="2024-05-14T19:20:41.742829" level="INFO">criteria is com.example.vamsi.login:id/etRegPhone</msg>
<arg>${REGISTER_PHONE}</arg>
<arg>Phone number</arg>
<doc>Verifies element identified by ``locator`` exactly contains text ``expected``.</doc>
<status status="PASS" start="2024-05-14T19:20:41.705728" elapsed="0.037101"/>
</kw>
<kw name="Page Should Contain Element" owner="AppiumLibrary">
<msg time="2024-05-14T19:20:41.771779" level="INFO">Current page contains element 'com.example.vamsi.login:id/etRegGmail'.</msg>
<msg time="2024-05-14T19:20:41.771779" level="INFO">criteria is com.example.vamsi.login:id/etRegGmail</msg>
<arg>${REGISTER_GMAIL}</arg>
<doc>Verifies that current page contains `locator` element.</doc>
<status status="PASS" start="2024-05-14T19:20:41.742829" elapsed="0.028950"/>
</kw>
<kw name="Element Text Should Be" owner="AppiumLibrary">
<msg time="2024-05-14T19:20:41.772776" level="INFO">Verifying element 'com.example.vamsi.login:id/etRegGmail' contains exactly text 'Gmail'.</msg>
<msg time="2024-05-14T19:20:41.812214" level="INFO">criteria is com.example.vamsi.login:id/etRegGmail</msg>
<arg>${REGISTER_GMAIL}</arg>
<arg>Gmail</arg>
<doc>Verifies element identified by ``locator`` exactly contains text ``expected``.</doc>
<status status="PASS" start="2024-05-14T19:20:41.771779" elapsed="0.040435"/>
</kw>
<kw name="Page Should Contain Element" owner="AppiumLibrary">
<msg time="2024-05-14T19:20:41.841572" level="INFO">Current page contains element 'com.example.vamsi.login:id/etRegPassword'.</msg>
<msg time="2024-05-14T19:20:41.841572" level="INFO">criteria is com.example.vamsi.login:id/etRegPassword</msg>
<arg>${REGISTER_PASSWORD}</arg>
<doc>Verifies that current page contains `locator` element.</doc>
<status status="PASS" start="2024-05-14T19:20:41.812214" elapsed="0.029358"/>
</kw>
<kw name="Element Text Should Be" owner="AppiumLibrary">
<msg time="2024-05-14T19:20:41.842570" level="INFO">Verifying element 'com.example.vamsi.login:id/etRegPassword' contains exactly text 'Password'.</msg>
<msg time="2024-05-14T19:20:41.879780" level="INFO">criteria is com.example.vamsi.login:id/etRegPassword</msg>
<arg>${REGISTER_PASSWORD}</arg>
<arg>Password</arg>
<doc>Verifies element identified by ``locator`` exactly contains text ``expected``.</doc>
<status status="PASS" start="2024-05-14T19:20:41.841572" elapsed="0.038208"/>
</kw>
<kw name="Page Should Contain Element" owner="AppiumLibrary">
<msg time="2024-05-14T19:20:41.908327" level="INFO">Current page contains element 'com.example.vamsi.login:id/btnRegLogin'.</msg>
<msg time="2024-05-14T19:20:41.908327" level="INFO">criteria is com.example.vamsi.login:id/btnRegLogin</msg>
<arg>${REGISTER_BUTTON}</arg>
<doc>Verifies that current page contains `locator` element.</doc>
<status status="PASS" start="2024-05-14T19:20:41.879780" elapsed="0.028547"/>
</kw>
<kw name="Element Text Should Be" owner="AppiumLibrary">
<msg time="2024-05-14T19:20:41.909324" level="INFO">Verifying element 'com.example.vamsi.login:id/btnRegLogin' contains exactly text 'Register'.</msg>
<msg time="2024-05-14T19:20:41.948679" level="INFO">criteria is com.example.vamsi.login:id/btnRegLogin</msg>
<arg>${REGISTER_BUTTON}</arg>
<arg>Register</arg>
<doc>Verifies element identified by ``locator`` exactly contains text ``expected``.</doc>
<status status="PASS" start="2024-05-14T19:20:41.908327" elapsed="0.040352"/>
</kw>
<kw name="Page Should Contain Element" owner="AppiumLibrary">
<msg time="2024-05-14T19:20:41.979991" level="INFO">Current page contains element 'com.example.vamsi.login:id/btnGotoLogin'.</msg>
<msg time="2024-05-14T19:20:41.979991" level="INFO">criteria is com.example.vamsi.login:id/btnGotoLogin</msg>
<arg>${REGISTER_LOGIN}</arg>
<doc>Verifies that current page contains `locator` element.</doc>
<status status="PASS" start="2024-05-14T19:20:41.948679" elapsed="0.031312"/>
</kw>
<kw name="Element Text Should Be" owner="AppiumLibrary">
<msg time="2024-05-14T19:20:41.981027" level="INFO">Verifying element 'com.example.vamsi.login:id/btnGotoLogin' contains exactly text 'Login'.</msg>
<msg time="2024-05-14T19:20:42.019318" level="INFO">criteria is com.example.vamsi.login:id/btnGotoLogin</msg>
<arg>${REGISTER_LOGIN}</arg>
<arg>Login</arg>
<doc>Verifies element identified by ``locator`` exactly contains text ``expected``.</doc>
<status status="PASS" start="2024-05-14T19:20:41.979991" elapsed="0.040325"/>
</kw>
<status status="PASS" start="2024-05-14T19:20:41.405406" elapsed="0.614910"/>
</kw>
<kw name="Fill in info to register" owner="resources">
<kw name="Wait Until Element Is Visible" owner="AppiumLibrary">
<msg time="2024-05-14T19:20:42.060746" level="INFO">criteria is com.example.vamsi.login:id/etRegName</msg>
<arg>${REGISTER_NAME}</arg>
<doc>Waits until element specified with `locator` is visible.</doc>
<status status="PASS" start="2024-05-14T19:20:42.020849" elapsed="0.039897"/>
</kw>
<kw name="Input Text" owner="AppiumLibrary">
<msg time="2024-05-14T19:20:42.061745" level="INFO">Typing text '' into text field 'com.example.vamsi.login:id/etRegName'</msg>
<msg time="2024-05-14T19:20:42.614742" level="INFO">criteria is com.example.vamsi.login:id/etRegName</msg>
<arg>${REGISTER_NAME}</arg>
<arg>${name}</arg>
<doc>Types the given `text` into text field identified by `locator`.</doc>
<status status="PASS" start="2024-05-14T19:20:42.061247" elapsed="0.553495"/>
</kw>
<kw name="Input Text" owner="AppiumLibrary">
<msg time="2024-05-14T19:20:42.615739" level="INFO">Typing text '017171728409' into text field 'com.example.vamsi.login:id/etRegPhone'</msg>
<msg time="2024-05-14T19:20:43.660357" level="INFO">criteria is com.example.vamsi.login:id/etRegPhone</msg>
<arg>${REGISTER_PHONE}</arg>
<arg>${phone}</arg>
<doc>Types the given `text` into text field identified by `locator`.</doc>
<status status="PASS" start="2024-05-14T19:20:42.614742" elapsed="1.045615"/>
</kw>
<kw name="Input Text" owner="AppiumLibrary">
<msg time="2024-05-14T19:20:43.661350" level="INFO">Typing text '' into text field 'com.example.vamsi.login:id/etRegGmail'</msg>
<msg time="2024-05-14T19:20:44.708980" level="INFO">criteria is com.example.vamsi.login:id/etRegGmail</msg>
<arg>${REGISTER_GMAIL}</arg>
<arg>${email}</arg>
<doc>Types the given `text` into text field identified by `locator`.</doc>
<status status="PASS" start="2024-05-14T19:20:43.660357" elapsed="1.048623"/>
</kw>
<kw name="Input Text" owner="AppiumLibrary">
<msg time="2024-05-14T19:20:44.709977" level="INFO">Typing text '' into text field 'com.example.vamsi.login:id/etRegPassword'</msg>
<msg time="2024-05-14T19:20:45.755197" level="INFO">criteria is com.example.vamsi.login:id/etRegPassword</msg>
<arg>${REGISTER_PASSWORD}</arg>
<arg>${password}</arg>
<doc>Types the given `text` into text field identified by `locator`.</doc>
<status status="PASS" start="2024-05-14T19:20:44.708980" elapsed="1.046217"/>
</kw>
<arg>${EMPTY}</arg>
<arg>${USER2}[phone]</arg>
<arg>${EMPTY}</arg>
<arg>${EMPTY}</arg>
<status status="PASS" start="2024-05-14T19:20:42.020316" elapsed="3.734881"/>
</kw>
<kw name="Check info at field to register" owner="resources">
<kw name="Wait Until Element Is Visible" owner="AppiumLibrary">
<msg time="2024-05-14T19:20:46.259680" level="INFO">criteria is com.example.vamsi.login:id/etRegName</msg>
<arg>${REGISTER_NAME}</arg>
<doc>Waits until element specified with `locator` is visible.</doc>
<status status="PASS" start="2024-05-14T19:20:45.756288" elapsed="0.503392"/>
</kw>
<kw name="Element Text Should Be" owner="AppiumLibrary">
<msg time="2024-05-14T19:20:46.260949" level="INFO">Verifying element 'com.example.vamsi.login:id/etRegName' contains exactly text 'Name'.</msg>
<msg time="2024-05-14T19:20:46.302880" level="INFO">criteria is com.example.vamsi.login:id/etRegName</msg>
<arg>${REGISTER_NAME}</arg>
<arg>${name}</arg>
<doc>Verifies element identified by ``locator`` exactly contains text ``expected``.</doc>
<status status="PASS" start="2024-05-14T19:20:46.259680" elapsed="0.043200"/>
</kw>
<kw name="Element Text Should Be" owner="AppiumLibrary">
<msg time="2024-05-14T19:20:46.304320" level="INFO">Verifying element 'com.example.vamsi.login:id/etRegPhone' contains exactly text '017171728409'.</msg>
<msg time="2024-05-14T19:20:46.347285" level="INFO">criteria is com.example.vamsi.login:id/etRegPhone</msg>
<arg>${REGISTER_PHONE}</arg>
<arg>${phone}</arg>
<doc>Verifies element identified by ``locator`` exactly contains text ``expected``.</doc>
<status status="PASS" start="2024-05-14T19:20:46.302880" elapsed="0.044405"/>
</kw>
<kw name="Element Text Should Be" owner="AppiumLibrary">
<msg time="2024-05-14T19:20:46.348842" level="INFO">Verifying element 'com.example.vamsi.login:id/etRegGmail' contains exactly text 'Gmail'.</msg>
<msg time="2024-05-14T19:20:46.389810" level="INFO">criteria is com.example.vamsi.login:id/etRegGmail</msg>
<arg>${REGISTER_GMAIL}</arg>
<arg>${email}</arg>
<doc>Verifies element identified by ``locator`` exactly contains text ``expected``.</doc>
<status status="PASS" start="2024-05-14T19:20:46.347285" elapsed="0.042525"/>
</kw>
<kw name="Element Attribute Should Match" owner="AppiumLibrary">
<msg time="2024-05-14T19:20:46.430298" level="INFO">Element 'com.example.vamsi.login:id/etRegPassword' attribute 'password' is 'true' </msg>
<msg time="2024-05-14T19:20:46.431294" level="INFO">criteria is com.example.vamsi.login:id/etRegPassword</msg>
<arg>${REGISTER_PASSWORD}</arg>
<arg>password</arg>
<arg>true</arg>
<doc>Verify that an attribute of an element matches the expected criteria.</doc>
<status status="PASS" start="2024-05-14T19:20:46.389810" elapsed="0.041484"/>
</kw>
<kw name="Element Text Should Be" owner="AppiumLibrary">
<msg time="2024-05-14T19:20:46.432297" level="INFO">Verifying element 'com.example.vamsi.login:id/etRegPassword' contains exactly text 'Password'.</msg>
<msg time="2024-05-14T19:20:46.468433" level="INFO">criteria is com.example.vamsi.login:id/etRegPassword</msg>
<arg>${REGISTER_PASSWORD}</arg>
<arg>${password}</arg>
<doc>Verifies element identified by ``locator`` exactly contains text ``expected``.</doc>
<status status="PASS" start="2024-05-14T19:20:46.431294" elapsed="0.037139"/>
</kw>
<arg>Name</arg>
<arg>${USER2}[phone]</arg>
<arg>Gmail</arg>
<arg>Password</arg>
<status status="PASS" start="2024-05-14T19:20:45.755197" elapsed="0.713236"/>
</kw>
<kw name="Submit to register" owner="resources">
<kw name="Wait Until Element Is Visible" owner="AppiumLibrary">
<msg time="2024-05-14T19:20:46.508201" level="INFO">criteria is com.example.vamsi.login:id/btnRegLogin</msg>
<arg>${REGISTER_BUTTON}</arg>
<doc>Waits until element specified with `locator` is visible.</doc>
<status status="PASS" start="2024-05-14T19:20:46.468433" elapsed="0.039768"/>
</kw>
<kw name="Click Element" owner="AppiumLibrary">
<msg time="2024-05-14T19:20:46.509255" level="INFO">Clicking element 'com.example.vamsi.login:id/btnRegLogin'.</msg>
<msg time="2024-05-14T19:20:47.095795" level="INFO">criteria is com.example.vamsi.login:id/btnRegLogin</msg>
<arg>${REGISTER_BUTTON}</arg>
<doc>Click element identified by `locator`.</doc>
<status status="PASS" start="2024-05-14T19:20:46.508201" elapsed="0.588588"/>
</kw>
<kw name="Sleep" owner="BuiltIn">
<msg time="2024-05-14T19:20:49.097443" level="INFO">Slept 2 seconds.</msg>
<arg>2</arg>
<doc>Pauses the test executed for the given time.</doc>
<status status="PASS" start="2024-05-14T19:20:47.096789" elapsed="2.000654"/>
</kw>
<status status="PASS" start="2024-05-14T19:20:46.468433" elapsed="2.629010"/>
</kw>
<kw name="Wait Until Page Contains" owner="AppiumLibrary">
<arg>Please fill all the details</arg>
<doc>Waits until `text` appears on current page.</doc>
<status status="PASS" start="2024-05-14T19:20:49.097443" elapsed="0.118433"/>
</kw>
<kw name="Page Should Contain Text" owner="AppiumLibrary">
<msg time="2024-05-14T19:20:49.265462" level="INFO">Current page contains text 'Please fill all the details'.</msg>
<arg>Please fill all the details</arg>
<doc>Verifies that current page contains `text`.</doc>
<status status="PASS" start="2024-05-14T19:20:49.215876" elapsed="0.049586"/>
</kw>
<kw name="Go to login at register" owner="resources">
<kw name="Wait Until Element Is Visible" owner="AppiumLibrary">
<msg time="2024-05-14T19:20:49.305255" level="INFO">criteria is com.example.vamsi.login:id/btnGotoLogin</msg>
<arg>${REGISTER_LOGIN}</arg>
<doc>Waits until element specified with `locator` is visible.</doc>
<status status="PASS" start="2024-05-14T19:20:49.265462" elapsed="0.039793"/>
</kw>
<kw name="Click Element" owner="AppiumLibrary">
<msg time="2024-05-14T19:20:49.306253" level="INFO">Clicking element 'com.example.vamsi.login:id/btnGotoLogin'.</msg>
<msg time="2024-05-14T19:20:50.671406" level="INFO">criteria is com.example.vamsi.login:id/btnGotoLogin</msg>
<arg>${REGISTER_LOGIN}</arg>
<doc>Click element identified by `locator`.</doc>
<status status="PASS" start="2024-05-14T19:20:49.305255" elapsed="1.366151"/>
</kw>
<kw name="Sleep" owner="BuiltIn">
<msg time="2024-05-14T19:20:52.671872" level="INFO">Slept 2 seconds.</msg>
<arg>2</arg>
<doc>Pauses the test executed for the given time.</doc>
<status status="PASS" start="2024-05-14T19:20:50.671406" elapsed="2.000466"/>
</kw>
<status status="PASS" start="2024-05-14T19:20:49.265462" elapsed="3.406410"/>
</kw>
<status status="PASS" start="2024-05-14T19:20:37.979369" elapsed="14.692503"/>
</test>
<test id="s1-t4" name="Register with only email filled in" line="49">
<kw name="Go to register" owner="resources">
<kw name="Wait Until Element Is Visible" owner="AppiumLibrary">
<msg time="2024-05-14T19:20:52.711266" level="INFO">criteria is com.example.vamsi.login:id/tvRegister</msg>
<arg>${REGISTER}</arg>
<doc>Waits until element specified with `locator` is visible.</doc>
<status status="PASS" start="2024-05-14T19:20:52.673868" elapsed="0.037398"/>
</kw>
<kw name="Click Element" owner="AppiumLibrary">
<msg time="2024-05-14T19:20:52.712263" level="INFO">Clicking element 'com.example.vamsi.login:id/tvRegister'.</msg>
<msg time="2024-05-14T19:20:54.053864" level="INFO">criteria is com.example.vamsi.login:id/tvRegister</msg>
<arg>${REGISTER}</arg>
<doc>Click element identified by `locator`.</doc>
<status status="PASS" start="2024-05-14T19:20:52.711266" elapsed="1.342598"/>
</kw>
<kw name="Sleep" owner="BuiltIn">
<msg time="2024-05-14T19:20:56.054527" level="INFO">Slept 2 seconds.</msg>
<arg>2</arg>
<doc>Pauses the test executed for the given time.</doc>
<status status="PASS" start="2024-05-14T19:20:54.053864" elapsed="2.000663"/>
</kw>
<status status="PASS" start="2024-05-14T19:20:52.672872" elapsed="3.381655"/>
</kw>
<kw name="Verify Register page" owner="resources">
<kw name="Wait Until Element Is Visible" owner="AppiumLibrary">
<msg time="2024-05-14T19:20:56.132024" level="INFO">xpath criteria: //android.widget.TextView[@text="Registration"]</msg>
<arg>//android.widget.TextView[@text="Registration"]</arg>
<doc>Waits until element specified with `locator` is visible.</doc>
<status status="PASS" start="2024-05-14T19:20:56.055520" elapsed="0.076504"/>
</kw>
<kw name="Page Should Contain Element" owner="AppiumLibrary">
<msg time="2024-05-14T19:20:56.186752" level="INFO">Current page contains element '//android.widget.TextView[@text="Registration"]'.</msg>
<msg time="2024-05-14T19:20:56.186752" level="INFO">xpath criteria: //android.widget.TextView[@text="Registration"]</msg>
<arg>//android.widget.TextView[@text="Registration"]</arg>
<doc>Verifies that current page contains `locator` element.</doc>
<status status="PASS" start="2024-05-14T19:20:56.132024" elapsed="0.055724"/>
</kw>
<kw name="Element Text Should Be" owner="AppiumLibrary">
<msg time="2024-05-14T19:20:56.187748" level="INFO">Verifying element '//android.widget.TextView[@text="Registration"]' contains exactly text 'Registration'.</msg>
<msg time="2024-05-14T19:20:56.256120" level="INFO">xpath criteria: //android.widget.TextView[@text="Registration"]</msg>
<arg>//android.widget.TextView[@text="Registration"]</arg>
<arg>Registration</arg>
<doc>Verifies element identified by ``locator`` exactly contains text ``expected``.</doc>
<status status="PASS" start="2024-05-14T19:20:56.187748" elapsed="0.068372"/>
</kw>
<kw name="Page Should Contain Element" owner="AppiumLibrary">
<msg time="2024-05-14T19:20:56.283118" level="INFO">Current page contains element 'com.example.vamsi.login:id/etRegName'.</msg>
<msg time="2024-05-14T19:20:56.283118" level="INFO">criteria is com.example.vamsi.login:id/etRegName</msg>
<arg>${REGISTER_NAME}</arg>
<doc>Verifies that current page contains `locator` element.</doc>
<status status="PASS" start="2024-05-14T19:20:56.256120" elapsed="0.026998"/>
</kw>
<kw name="Element Text Should Be" owner="AppiumLibrary">
<msg time="2024-05-14T19:20:56.284114" level="INFO">Verifying element 'com.example.vamsi.login:id/etRegName' contains exactly text 'Name'.</msg>
<msg time="2024-05-14T19:20:56.325591" level="INFO">criteria is com.example.vamsi.login:id/etRegName</msg>
<arg>${REGISTER_NAME}</arg>
<arg>Name</arg>
<doc>Verifies element identified by ``locator`` exactly contains text ``expected``.</doc>
<status status="PASS" start="2024-05-14T19:20:56.283118" elapsed="0.042473"/>
</kw>
<kw name="Page Should Contain Element" owner="AppiumLibrary">
<msg time="2024-05-14T19:20:56.353258" level="INFO">Current page contains element 'com.example.vamsi.login:id/etRegPhone'.</msg>
<msg time="2024-05-14T19:20:56.353258" level="INFO">criteria is com.example.vamsi.login:id/etRegPhone</msg>
<arg>${REGISTER_PHONE}</arg>
<doc>Verifies that current page contains `locator` element.</doc>
<status status="PASS" start="2024-05-14T19:20:56.325591" elapsed="0.027667"/>
</kw>
<kw name="Element Text Should Be" owner="AppiumLibrary">
<msg time="2024-05-14T19:20:56.354255" level="INFO">Verifying element 'com.example.vamsi.login:id/etRegPhone' contains exactly text 'Phone number'.</msg>
<msg time="2024-05-14T19:20:56.391656" level="INFO">criteria is com.example.vamsi.login:id/etRegPhone</msg>
<arg>${REGISTER_PHONE}</arg>
<arg>Phone number</arg>
<doc>Verifies element identified by ``locator`` exactly contains text ``expected``.</doc>
<status status="PASS" start="2024-05-14T19:20:56.354255" elapsed="0.037401"/>
</kw>
<kw name="Page Should Contain Element" owner="AppiumLibrary">
<msg time="2024-05-14T19:20:56.420436" level="INFO">Current page contains element 'com.example.vamsi.login:id/etRegGmail'.</msg>
<msg time="2024-05-14T19:20:56.420436" level="INFO">criteria is com.example.vamsi.login:id/etRegGmail</msg>
<arg>${REGISTER_GMAIL}</arg>
<doc>Verifies that current page contains `locator` element.</doc>
<status status="PASS" start="2024-05-14T19:20:56.391656" elapsed="0.028780"/>
</kw>
<kw name="Element Text Should Be" owner="AppiumLibrary">
<msg time="2024-05-14T19:20:56.421433" level="INFO">Verifying element 'com.example.vamsi.login:id/etRegGmail' contains exactly text 'Gmail'.</msg>
<msg time="2024-05-14T19:20:56.457643" level="INFO">criteria is com.example.vamsi.login:id/etRegGmail</msg>
<arg>${REGISTER_GMAIL}</arg>
<arg>Gmail</arg>
<doc>Verifies element identified by ``locator`` exactly contains text ``expected``.</doc>
<status status="PASS" start="2024-05-14T19:20:56.420436" elapsed="0.037207"/>
</kw>
<kw name="Page Should Contain Element" owner="AppiumLibrary">
<msg time="2024-05-14T19:20:56.485977" level="INFO">Current page contains element 'com.example.vamsi.login:id/etRegPassword'.</msg>
<msg time="2024-05-14T19:20:56.485977" level="INFO">criteria is com.example.vamsi.login:id/etRegPassword</msg>
<arg>${REGISTER_PASSWORD}</arg>
<doc>Verifies that current page contains `locator` element.</doc>
<status status="PASS" start="2024-05-14T19:20:56.457643" elapsed="0.028334"/>
</kw>
<kw name="Element Text Should Be" owner="AppiumLibrary">
<msg time="2024-05-14T19:20:56.486974" level="INFO">Verifying element 'com.example.vamsi.login:id/etRegPassword' contains exactly text 'Password'.</msg>
<msg time="2024-05-14T19:20:56.525760" level="INFO">criteria is com.example.vamsi.login:id/etRegPassword</msg>
<arg>${REGISTER_PASSWORD}</arg>
<arg>Password</arg>
<doc>Verifies element identified by ``locator`` exactly contains text ``expected``.</doc>
<status status="PASS" start="2024-05-14T19:20:56.485977" elapsed="0.039783"/>
</kw>
<kw name="Page Should Contain Element" owner="AppiumLibrary">
<msg time="2024-05-14T19:20:56.554687" level="INFO">Current page contains element 'com.example.vamsi.login:id/btnRegLogin'.</msg>
<msg time="2024-05-14T19:20:56.554687" level="INFO">criteria is com.example.vamsi.login:id/btnRegLogin</msg>
<arg>${REGISTER_BUTTON}</arg>
<doc>Verifies that current page contains `locator` element.</doc>
<status status="PASS" start="2024-05-14T19:20:56.525760" elapsed="0.028927"/>
</kw>
<kw name="Element Text Should Be" owner="AppiumLibrary">
<msg time="2024-05-14T19:20:56.555684" level="INFO">Verifying element 'com.example.vamsi.login:id/btnRegLogin' contains exactly text 'Register'.</msg>
<msg time="2024-05-14T19:20:56.594528" level="INFO">criteria is com.example.vamsi.login:id/btnRegLogin</msg>
<arg>${REGISTER_BUTTON}</arg>
<arg>Register</arg>
<doc>Verifies element identified by ``locator`` exactly contains text ``expected``.</doc>
<status status="PASS" start="2024-05-14T19:20:56.554687" elapsed="0.039841"/>
</kw>
<kw name="Page Should Contain Element" owner="AppiumLibrary">
<msg time="2024-05-14T19:20:56.622097" level="INFO">Current page contains element 'com.example.vamsi.login:id/btnGotoLogin'.</msg>
<msg time="2024-05-14T19:20:56.622097" level="INFO">criteria is com.example.vamsi.login:id/btnGotoLogin</msg>
<arg>${REGISTER_LOGIN}</arg>
<doc>Verifies that current page contains `locator` element.</doc>
<status status="PASS" start="2024-05-14T19:20:56.594528" elapsed="0.027569"/>
</kw>
<kw name="Element Text Should Be" owner="AppiumLibrary">
<msg time="2024-05-14T19:20:56.623094" level="INFO">Verifying element 'com.example.vamsi.login:id/btnGotoLogin' contains exactly text 'Login'.</msg>
<msg time="2024-05-14T19:20:56.660650" level="INFO">criteria is com.example.vamsi.login:id/btnGotoLogin</msg>
<arg>${REGISTER_LOGIN}</arg>
<arg>Login</arg>
<doc>Verifies element identified by ``locator`` exactly contains text ``expected``.</doc>
<status status="PASS" start="2024-05-14T19:20:56.622097" elapsed="0.039123"/>
</kw>
<status status="PASS" start="2024-05-14T19:20:56.055520" elapsed="0.605700"/>
</kw>
<kw name="Fill in info to register" owner="resources">
<kw name="Wait Until Element Is Visible" owner="AppiumLibrary">
<msg time="2024-05-14T19:20:56.699273" level="INFO">criteria is com.example.vamsi.login:id/etRegName</msg>
<arg>${REGISTER_NAME}</arg>
<doc>Waits until element specified with `locator` is visible.</doc>
<status status="PASS" start="2024-05-14T19:20:56.662213" elapsed="0.037060"/>
</kw>
<kw name="Input Text" owner="AppiumLibrary">
<msg time="2024-05-14T19:20:56.700459" level="INFO">Typing text '' into text field 'com.example.vamsi.login:id/etRegName'</msg>
<msg time="2024-05-14T19:20:57.251750" level="INFO">criteria is com.example.vamsi.login:id/etRegName</msg>
<arg>${REGISTER_NAME}</arg>
<arg>${name}</arg>
<doc>Types the given `text` into text field identified by `locator`.</doc>
<status status="PASS" start="2024-05-14T19:20:56.699273" elapsed="0.552477"/>
</kw>
<kw name="Input Text" owner="AppiumLibrary">
<msg time="2024-05-14T19:20:57.252795" level="INFO">Typing text '' into text field 'com.example.vamsi.login:id/etRegPhone'</msg>
<msg time="2024-05-14T19:20:58.266886" level="INFO">criteria is com.example.vamsi.login:id/etRegPhone</msg>
<arg>${REGISTER_PHONE}</arg>
<arg>${phone}</arg>
<doc>Types the given `text` into text field identified by `locator`.</doc>
<status status="PASS" start="2024-05-14T19:20:57.251750" elapsed="1.015136"/>
</kw>
<kw name="Input Text" owner="AppiumLibrary">
<msg time="2024-05-14T19:20:58.267883" level="INFO">Typing text 'quangdang@gmail.com' into text field 'com.example.vamsi.login:id/etRegGmail'</msg>
<msg time="2024-05-14T19:20:59.285666" level="INFO">criteria is com.example.vamsi.login:id/etRegGmail</msg>
<arg>${REGISTER_GMAIL}</arg>
<arg>${email}</arg>
<doc>Types the given `text` into text field identified by `locator`.</doc>
<status status="PASS" start="2024-05-14T19:20:58.266886" elapsed="1.018780"/>
</kw>
<kw name="Input Text" owner="AppiumLibrary">
<msg time="2024-05-14T19:20:59.286860" level="INFO">Typing text '' into text field 'com.example.vamsi.login:id/etRegPassword'</msg>
<msg time="2024-05-14T19:21:00.300349" level="INFO">criteria is com.example.vamsi.login:id/etRegPassword</msg>
<arg>${REGISTER_PASSWORD}</arg>
<arg>${password}</arg>
<doc>Types the given `text` into text field identified by `locator`.</doc>
<status status="PASS" start="2024-05-14T19:20:59.285666" elapsed="1.014683"/>
</kw>
<arg>${EMPTY}</arg>
<arg>${EMPTY}</arg>
<arg>${USER2}[email]</arg>
<arg>${EMPTY}</arg>
<status status="PASS" start="2024-05-14T19:20:56.661220" elapsed="3.639129"/>
</kw>
<kw name="Check info at field to register" owner="resources">
<kw name="Wait Until Element Is Visible" owner="AppiumLibrary">
<msg time="2024-05-14T19:21:00.804181" level="INFO">criteria is com.example.vamsi.login:id/etRegName</msg>
<arg>${REGISTER_NAME}</arg>
<doc>Waits until element specified with `locator` is visible.</doc>
<status status="PASS" start="2024-05-14T19:21:00.301095" elapsed="0.503086"/>
</kw>
<kw name="Element Text Should Be" owner="AppiumLibrary">
<msg time="2024-05-14T19:21:00.805178" level="INFO">Verifying element 'com.example.vamsi.login:id/etRegName' contains exactly text 'Name'.</msg>
<msg time="2024-05-14T19:21:00.843932" level="INFO">criteria is com.example.vamsi.login:id/etRegName</msg>
<arg>${REGISTER_NAME}</arg>
<arg>${name}</arg>
<doc>Verifies element identified by ``locator`` exactly contains text ``expected``.</doc>
<status status="PASS" start="2024-05-14T19:21:00.804181" elapsed="0.039751"/>
</kw>
<kw name="Element Text Should Be" owner="AppiumLibrary">
<msg time="2024-05-14T19:21:00.845313" level="INFO">Verifying element 'com.example.vamsi.login:id/etRegPhone' contains exactly text 'Phone number'.</msg>
<msg time="2024-05-14T19:21:00.891367" level="INFO">criteria is com.example.vamsi.login:id/etRegPhone</msg>
<arg>${REGISTER_PHONE}</arg>
<arg>${phone}</arg>
<doc>Verifies element identified by ``locator`` exactly contains text ``expected``.</doc>
<status status="PASS" start="2024-05-14T19:21:00.843932" elapsed="0.047435"/>
</kw>
<kw name="Element Text Should Be" owner="AppiumLibrary">
<msg time="2024-05-14T19:21:00.892465" level="INFO">Verifying element 'com.example.vamsi.login:id/etRegGmail' contains exactly text 'quangdang@gmail.com'.</msg>
<msg time="2024-05-14T19:21:00.930831" level="INFO">criteria is com.example.vamsi.login:id/etRegGmail</msg>
<arg>${REGISTER_GMAIL}</arg>
<arg>${email}</arg>
<doc>Verifies element identified by ``locator`` exactly contains text ``expected``.</doc>
<status status="PASS" start="2024-05-14T19:21:00.891367" elapsed="0.039464"/>
</kw>
<kw name="Element Attribute Should Match" owner="AppiumLibrary">
<msg time="2024-05-14T19:21:00.970476" level="INFO">Element 'com.example.vamsi.login:id/etRegPassword' attribute 'password' is 'true' </msg>
<msg time="2024-05-14T19:21:00.970476" level="INFO">criteria is com.example.vamsi.login:id/etRegPassword</msg>
<arg>${REGISTER_PASSWORD}</arg>
<arg>password</arg>
<arg>true</arg>
<doc>Verify that an attribute of an element matches the expected criteria.</doc>
<status status="PASS" start="2024-05-14T19:21:00.930831" elapsed="0.039645"/>
</kw>
<kw name="Element Text Should Be" owner="AppiumLibrary">
<msg time="2024-05-14T19:21:00.971472" level="INFO">Verifying element 'com.example.vamsi.login:id/etRegPassword' contains exactly text 'Password'.</msg>
<msg time="2024-05-14T19:21:01.008684" level="INFO">criteria is com.example.vamsi.login:id/etRegPassword</msg>
<arg>${REGISTER_PASSWORD}</arg>
<arg>${password}</arg>
<doc>Verifies element identified by ``locator`` exactly contains text ``expected``.</doc>
<status status="PASS" start="2024-05-14T19:21:00.970476" elapsed="0.038208"/>
</kw>
<arg>Name</arg>
<arg>Phone number</arg>
<arg>${USER2}[email]</arg>
<arg>Password</arg>
<status status="PASS" start="2024-05-14T19:21:00.300744" elapsed="0.707940"/>
</kw>
<kw name="Submit to register" owner="resources">
<kw name="Wait Until Element Is Visible" owner="AppiumLibrary">
<msg time="2024-05-14T19:21:01.048883" level="INFO">criteria is com.example.vamsi.login:id/btnRegLogin</msg>
<arg>${REGISTER_BUTTON}</arg>
<doc>Waits until element specified with `locator` is visible.</doc>
<status status="PASS" start="2024-05-14T19:21:01.009818" elapsed="0.039065"/>
</kw>
<kw name="Click Element" owner="AppiumLibrary">
<msg time="2024-05-14T19:21:01.050030" level="INFO">Clicking element 'com.example.vamsi.login:id/btnRegLogin'.</msg>
<msg time="2024-05-14T19:21:01.126081" level="INFO">criteria is com.example.vamsi.login:id/btnRegLogin</msg>
<arg>${REGISTER_BUTTON}</arg>
<doc>Click element identified by `locator`.</doc>
<status status="PASS" start="2024-05-14T19:21:01.048883" elapsed="0.077198"/>
</kw>
<kw name="Sleep" owner="BuiltIn">
<msg time="2024-05-14T19:21:03.126632" level="INFO">Slept 2 seconds.</msg>
<arg>2</arg>
<doc>Pauses the test executed for the given time.</doc>
<status status="PASS" start="2024-05-14T19:21:01.126081" elapsed="2.000551"/>
</kw>
<status status="PASS" start="2024-05-14T19:21:01.009818" elapsed="2.116814"/>
</kw>
<kw name="Wait Until Page Contains" owner="AppiumLibrary">
<arg>Please fill all the details</arg>
<doc>Waits until `text` appears on current page.</doc>
<status status="PASS" start="2024-05-14T19:21:03.126632" elapsed="0.074815"/>
</kw>
<kw name="Page Should Contain Text" owner="AppiumLibrary">
<msg time="2024-05-14T19:21:03.253085" level="INFO">Current page contains text 'Please fill all the details'.</msg>
<arg>Please fill all the details</arg>
<doc>Verifies that current page contains `text`.</doc>
<status status="PASS" start="2024-05-14T19:21:03.202742" elapsed="0.050343"/>
</kw>
<kw name="Go to login at register" owner="resources">
<kw name="Wait Until Element Is Visible" owner="AppiumLibrary">
<msg time="2024-05-14T19:21:03.291246" level="INFO">criteria is com.example.vamsi.login:id/btnGotoLogin</msg>
<arg>${REGISTER_LOGIN}</arg>
<doc>Waits until element specified with `locator` is visible.</doc>
<status status="PASS" start="2024-05-14T19:21:03.254690" elapsed="0.036556"/>
</kw>
<kw name="Click Element" owner="AppiumLibrary">
<msg time="2024-05-14T19:21:03.292486" level="INFO">Clicking element 'com.example.vamsi.login:id/btnGotoLogin'.</msg>
<msg time="2024-05-14T19:21:04.722248" level="INFO">criteria is com.example.vamsi.login:id/btnGotoLogin</msg>
<arg>${REGISTER_LOGIN}</arg>
<doc>Click element identified by `locator`.</doc>
<status status="PASS" start="2024-05-14T19:21:03.291246" elapsed="1.431002"/>
</kw>
<kw name="Sleep" owner="BuiltIn">
<msg time="2024-05-14T19:21:06.722606" level="INFO">Slept 2 seconds.</msg>
<arg>2</arg>
<doc>Pauses the test executed for the given time.</doc>
<status status="PASS" start="2024-05-14T19:21:04.722248" elapsed="2.000358"/>
</kw>
<status status="PASS" start="2024-05-14T19:21:03.254453" elapsed="3.468153"/>
</kw>
<status status="PASS" start="2024-05-14T19:20:52.672872" elapsed="14.049734"/>
</test>
<test id="s1-t5" name="Register with only password filled in" line="63">
<kw name="Go to register" owner="resources">
<kw name="Wait Until Element Is Visible" owner="AppiumLibrary">
<msg time="2024-05-14T19:21:06.759604" level="INFO">criteria is com.example.vamsi.login:id/tvRegister</msg>
<arg>${REGISTER}</arg>
<doc>Waits until element specified with `locator` is visible.</doc>
<status status="PASS" start="2024-05-14T19:21:06.724595" elapsed="0.035009"/>
</kw>
<kw name="Click Element" owner="AppiumLibrary">
<msg time="2024-05-14T19:21:06.760598" level="INFO">Clicking element 'com.example.vamsi.login:id/tvRegister'.</msg>
<msg time="2024-05-14T19:21:08.136745" level="INFO">criteria is com.example.vamsi.login:id/tvRegister</msg>
<arg>${REGISTER}</arg>
<doc>Click element identified by `locator`.</doc>
<status status="PASS" start="2024-05-14T19:21:06.759604" elapsed="1.377141"/>
</kw>
<kw name="Sleep" owner="BuiltIn">
<msg time="2024-05-14T19:21:10.137347" level="INFO">Slept 2 seconds.</msg>
<arg>2</arg>
<doc>Pauses the test executed for the given time.</doc>
<status status="PASS" start="2024-05-14T19:21:08.136745" elapsed="2.000602"/>
</kw>
<status status="PASS" start="2024-05-14T19:21:06.724595" elapsed="3.412752"/>
</kw>
<kw name="Verify Register page" owner="resources">
<kw name="Wait Until Element Is Visible" owner="AppiumLibrary">
<msg time="2024-05-14T19:21:10.207353" level="INFO">xpath criteria: //android.widget.TextView[@text="Registration"]</msg>
<arg>//android.widget.TextView[@text="Registration"]</arg>
<doc>Waits until element specified with `locator` is visible.</doc>
<status status="PASS" start="2024-05-14T19:21:10.138340" elapsed="0.069013"/>
</kw>
<kw name="Page Should Contain Element" owner="AppiumLibrary">
<msg time="2024-05-14T19:21:10.262788" level="INFO">Current page contains element '//android.widget.TextView[@text="Registration"]'.</msg>
<msg time="2024-05-14T19:21:10.262788" level="INFO">xpath criteria: //android.widget.TextView[@text="Registration"]</msg>
<arg>//android.widget.TextView[@text="Registration"]</arg>
<doc>Verifies that current page contains `locator` element.</doc>
<status status="PASS" start="2024-05-14T19:21:10.208380" elapsed="0.054408"/>
</kw>
<kw name="Element Text Should Be" owner="AppiumLibrary">
<msg time="2024-05-14T19:21:10.263794" level="INFO">Verifying element '//android.widget.TextView[@text="Registration"]' contains exactly text 'Registration'.</msg>
<msg time="2024-05-14T19:21:10.329524" level="INFO">xpath criteria: //android.widget.TextView[@text="Registration"]</msg>
<arg>//android.widget.TextView[@text="Registration"]</arg>
<arg>Registration</arg>
<doc>Verifies element identified by ``locator`` exactly contains text ``expected``.</doc>
<status status="PASS" start="2024-05-14T19:21:10.263794" elapsed="0.065730"/>
</kw>
<kw name="Page Should Contain Element" owner="AppiumLibrary">
<msg time="2024-05-14T19:21:10.358319" level="INFO">Current page contains element 'com.example.vamsi.login:id/etRegName'.</msg>
<msg time="2024-05-14T19:21:10.358319" level="INFO">criteria is com.example.vamsi.login:id/etRegName</msg>
<arg>${REGISTER_NAME}</arg>
<doc>Verifies that current page contains `locator` element.</doc>
<status status="PASS" start="2024-05-14T19:21:10.329524" elapsed="0.028795"/>
</kw>
<kw name="Element Text Should Be" owner="AppiumLibrary">
<msg time="2024-05-14T19:21:10.359315" level="INFO">Verifying element 'com.example.vamsi.login:id/etRegName' contains exactly text 'Name'.</msg>
<msg time="2024-05-14T19:21:10.397540" level="INFO">criteria is com.example.vamsi.login:id/etRegName</msg>
<arg>${REGISTER_NAME}</arg>
<arg>Name</arg>
<doc>Verifies element identified by ``locator`` exactly contains text ``expected``.</doc>
<status status="PASS" start="2024-05-14T19:21:10.358319" elapsed="0.039221"/>
</kw>
<kw name="Page Should Contain Element" owner="AppiumLibrary">
<msg time="2024-05-14T19:21:10.426017" level="INFO">Current page contains element 'com.example.vamsi.login:id/etRegPhone'.</msg>
<msg time="2024-05-14T19:21:10.426017" level="INFO">criteria is com.example.vamsi.login:id/etRegPhone</msg>
<arg>${REGISTER_PHONE}</arg>
<doc>Verifies that current page contains `locator` element.</doc>
<status status="PASS" start="2024-05-14T19:21:10.397540" elapsed="0.028477"/>
</kw>
<kw name="Element Text Should Be" owner="AppiumLibrary">
<msg time="2024-05-14T19:21:10.427011" level="INFO">Verifying element 'com.example.vamsi.login:id/etRegPhone' contains exactly text 'Phone number'.</msg>
<msg time="2024-05-14T19:21:10.465309" level="INFO">criteria is com.example.vamsi.login:id/etRegPhone</msg>
<arg>${REGISTER_PHONE}</arg>
<arg>Phone number</arg>
<doc>Verifies element identified by ``locator`` exactly contains text ``expected``.</doc>
<status status="PASS" start="2024-05-14T19:21:10.426017" elapsed="0.039292"/>
</kw>
<kw name="Page Should Contain Element" owner="AppiumLibrary">
<msg time="2024-05-14T19:21:10.493030" level="INFO">Current page contains element 'com.example.vamsi.login:id/etRegGmail'.</msg>
<msg time="2024-05-14T19:21:10.493030" level="INFO">criteria is com.example.vamsi.login:id/etRegGmail</msg>
<arg>${REGISTER_GMAIL}</arg>
<doc>Verifies that current page contains `locator` element.</doc>
<status status="PASS" start="2024-05-14T19:21:10.465309" elapsed="0.027721"/>
</kw>
<kw name="Element Text Should Be" owner="AppiumLibrary">
<msg time="2024-05-14T19:21:10.495010" level="INFO">Verifying element 'com.example.vamsi.login:id/etRegGmail' contains exactly text 'Gmail'.</msg>
<msg time="2024-05-14T19:21:10.532299" level="INFO">criteria is com.example.vamsi.login:id/etRegGmail</msg>
[...]
<doc>Fails the test with the given message and optionally alters its tags.</doc>
<status status="FAIL" start="2024-05-14T19:26:05.605459" elapsed="0.000000">Cross Site Scripting is possible. Register should not working when Cross Site Scripting is detected.</status>
</kw>
<status status="FAIL" start="2024-05-14T19:25:52.876220" elapsed="12.730220">Cross Site Scripting is possible. Register should not working when Cross Site Scripting is detected.</status>
</test>
<test id="s1-t25" name="Register with Remote Code Execution" line="362">
<kw name="Go to register" owner="resources">
<kw name="Wait Until Element Is Visible" owner="AppiumLibrary">
<msg time="2024-05-14T19:26:05.638751" level="INFO">criteria is com.example.vamsi.login:id/tvRegister</msg>
<arg>${REGISTER}</arg>
<doc>Waits until element specified with `locator` is visible.</doc>
<status status="PASS" start="2024-05-14T19:26:05.607483" elapsed="0.031268"/>
</kw>
<kw name="Click Element" owner="AppiumLibrary">
<msg time="2024-05-14T19:26:05.640767" level="INFO">Clicking element 'com.example.vamsi.login:id/tvRegister'.</msg>
<msg time="2024-05-14T19:26:07.087541" level="INFO">criteria is com.example.vamsi.login:id/tvRegister</msg>
<arg>${REGISTER}</arg>
<doc>Click element identified by `locator`.</doc>
<status status="PASS" start="2024-05-14T19:26:05.639766" elapsed="1.448768"/>
</kw>
<kw name="Sleep" owner="BuiltIn">
<msg time="2024-05-14T19:26:09.089478" level="INFO">Slept 2 seconds.</msg>
<arg>2</arg>
<doc>Pauses the test executed for the given time.</doc>
<status status="PASS" start="2024-05-14T19:26:07.088534" elapsed="2.000944"/>
</kw>
<status status="PASS" start="2024-05-14T19:26:05.607483" elapsed="3.481995"/>
</kw>
<kw name="Verify Register page" owner="resources">
<kw name="Wait Until Element Is Visible" owner="AppiumLibrary">
<msg time="2024-05-14T19:26:09.221313" level="INFO">xpath criteria: //android.widget.TextView[@text="Registration"]</msg>
<arg>//android.widget.TextView[@text="Registration"]</arg>
<doc>Waits until element specified with `locator` is visible.</doc>
<status status="PASS" start="2024-05-14T19:26:09.089478" elapsed="0.131835"/>
</kw>
<kw name="Page Should Contain Element" owner="AppiumLibrary">
<msg time="2024-05-14T19:26:09.270254" level="INFO">Current page contains element '//android.widget.TextView[@text="Registration"]'.</msg>
<msg time="2024-05-14T19:26:09.270254" level="INFO">xpath criteria: //android.widget.TextView[@text="Registration"]</msg>
<arg>//android.widget.TextView[@text="Registration"]</arg>
<doc>Verifies that current page contains `locator` element.</doc>
<status status="PASS" start="2024-05-14T19:26:09.222310" elapsed="0.047944"/>
</kw>
<kw name="Element Text Should Be" owner="AppiumLibrary">
<msg time="2024-05-14T19:26:09.271251" level="INFO">Verifying element '//android.widget.TextView[@text="Registration"]' contains exactly text 'Registration'.</msg>
<msg time="2024-05-14T19:26:09.333609" level="INFO">xpath criteria: //android.widget.TextView[@text="Registration"]</msg>
<arg>//android.widget.TextView[@text="Registration"]</arg>
<arg>Registration</arg>
<doc>Verifies element identified by ``locator`` exactly contains text ``expected``.</doc>
<status status="PASS" start="2024-05-14T19:26:09.271251" elapsed="0.062358"/>
</kw>
<kw name="Page Should Contain Element" owner="AppiumLibrary">
<msg time="2024-05-14T19:26:09.360427" level="INFO">Current page contains element 'com.example.vamsi.login:id/etRegName'.</msg>
<msg time="2024-05-14T19:26:09.360427" level="INFO">criteria is com.example.vamsi.login:id/etRegName</msg>
<arg>${REGISTER_NAME}</arg>
<doc>Verifies that current page contains `locator` element.</doc>
<status status="PASS" start="2024-05-14T19:26:09.333609" elapsed="0.026818"/>
</kw>
<kw name="Element Text Should Be" owner="AppiumLibrary">
<msg time="2024-05-14T19:26:09.361430" level="INFO">Verifying element 'com.example.vamsi.login:id/etRegName' contains exactly text 'Name'.</msg>
<msg time="2024-05-14T19:26:09.395651" level="INFO">criteria is com.example.vamsi.login:id/etRegName</msg>
<arg>${REGISTER_NAME}</arg>
<arg>Name</arg>
<doc>Verifies element identified by ``locator`` exactly contains text ``expected``.</doc>
<status status="PASS" start="2024-05-14T19:26:09.360427" elapsed="0.035224"/>
</kw>
<kw name="Page Should Contain Element" owner="AppiumLibrary">
<msg time="2024-05-14T19:26:09.422695" level="INFO">Current page contains element 'com.example.vamsi.login:id/etRegPhone'.</msg>
<msg time="2024-05-14T19:26:09.422695" level="INFO">criteria is com.example.vamsi.login:id/etRegPhone</msg>
<arg>${REGISTER_PHONE}</arg>
<doc>Verifies that current page contains `locator` element.</doc>
<status status="PASS" start="2024-05-14T19:26:09.396649" elapsed="0.026046"/>
</kw>
<kw name="Element Text Should Be" owner="AppiumLibrary">
<msg time="2024-05-14T19:26:09.423204" level="INFO">Verifying element 'com.example.vamsi.login:id/etRegPhone' contains exactly text 'Phone number'.</msg>
<msg time="2024-05-14T19:26:09.457247" level="INFO">criteria is com.example.vamsi.login:id/etRegPhone</msg>
<arg>${REGISTER_PHONE}</arg>
<arg>Phone number</arg>
<doc>Verifies element identified by ``locator`` exactly contains text ``expected``.</doc>
<status status="PASS" start="2024-05-14T19:26:09.422695" elapsed="0.034552"/>
</kw>
<kw name="Page Should Contain Element" owner="AppiumLibrary">
<msg time="2024-05-14T19:26:09.481755" level="INFO">Current page contains element 'com.example.vamsi.login:id/etRegGmail'.</msg>
<msg time="2024-05-14T19:26:09.481755" level="INFO">criteria is com.example.vamsi.login:id/etRegGmail</msg>
<arg>${REGISTER_GMAIL}</arg>
<doc>Verifies that current page contains `locator` element.</doc>
<status status="PASS" start="2024-05-14T19:26:09.457247" elapsed="0.024508"/>
</kw>
<kw name="Element Text Should Be" owner="AppiumLibrary">
<msg time="2024-05-14T19:26:09.482749" level="INFO">Verifying element 'com.example.vamsi.login:id/etRegGmail' contains exactly text 'Gmail'.</msg>
<msg time="2024-05-14T19:26:09.516760" level="INFO">criteria is com.example.vamsi.login:id/etRegGmail</msg>
<arg>${REGISTER_GMAIL}</arg>
<arg>Gmail</arg>
<doc>Verifies element identified by ``locator`` exactly contains text ``expected``.</doc>
<status status="PASS" start="2024-05-14T19:26:09.482253" elapsed="0.035013"/>
</kw>
<kw name="Page Should Contain Element" owner="AppiumLibrary">
<msg time="2024-05-14T19:26:09.540566" level="INFO">Current page contains element 'com.example.vamsi.login:id/etRegPassword'.</msg>
<msg time="2024-05-14T19:26:09.541578" level="INFO">criteria is com.example.vamsi.login:id/etRegPassword</msg>
<arg>${REGISTER_PASSWORD}</arg>
<doc>Verifies that current page contains `locator` element.</doc>
<status status="PASS" start="2024-05-14T19:26:09.517266" elapsed="0.024312"/>
</kw>
<kw name="Element Text Should Be" owner="AppiumLibrary">
<msg time="2024-05-14T19:26:09.542578" level="INFO">Verifying element 'com.example.vamsi.login:id/etRegPassword' contains exactly text 'Password'.</msg>
<msg time="2024-05-14T19:26:09.577982" level="INFO">criteria is com.example.vamsi.login:id/etRegPassword</msg>
<arg>${REGISTER_PASSWORD}</arg>
<arg>Password</arg>
<doc>Verifies element identified by ``locator`` exactly contains text ``expected``.</doc>
<status status="PASS" start="2024-05-14T19:26:09.541578" elapsed="0.036404"/>
</kw>
<kw name="Page Should Contain Element" owner="AppiumLibrary">
<msg time="2024-05-14T19:26:09.602762" level="INFO">Current page contains element 'com.example.vamsi.login:id/btnRegLogin'.</msg>
<msg time="2024-05-14T19:26:09.602762" level="INFO">criteria is com.example.vamsi.login:id/btnRegLogin</msg>
<arg>${REGISTER_BUTTON}</arg>
<doc>Verifies that current page contains `locator` element.</doc>
<status status="PASS" start="2024-05-14T19:26:09.577982" elapsed="0.024780"/>
</kw>
<kw name="Element Text Should Be" owner="AppiumLibrary">
<msg time="2024-05-14T19:26:09.603759" level="INFO">Verifying element 'com.example.vamsi.login:id/btnRegLogin' contains exactly text 'Register'.</msg>
<msg time="2024-05-14T19:26:09.637914" level="INFO">criteria is com.example.vamsi.login:id/btnRegLogin</msg>
<arg>${REGISTER_BUTTON}</arg>
<arg>Register</arg>
<doc>Verifies element identified by ``locator`` exactly contains text ``expected``.</doc>
<status status="PASS" start="2024-05-14T19:26:09.602762" elapsed="0.035152"/>
</kw>
<kw name="Page Should Contain Element" owner="AppiumLibrary">
<msg time="2024-05-14T19:26:09.662971" level="INFO">Current page contains element 'com.example.vamsi.login:id/btnGotoLogin'.</msg>
<msg time="2024-05-14T19:26:09.662971" level="INFO">criteria is com.example.vamsi.login:id/btnGotoLogin</msg>
<arg>${REGISTER_LOGIN}</arg>
<doc>Verifies that current page contains `locator` element.</doc>
<status status="PASS" start="2024-05-14T19:26:09.637914" elapsed="0.025057"/>
</kw>
<kw name="Element Text Should Be" owner="AppiumLibrary">
<msg time="2024-05-14T19:26:09.664141" level="INFO">Verifying element 'com.example.vamsi.login:id/btnGotoLogin' contains exactly text 'Login'.</msg>
<msg time="2024-05-14T19:26:09.697471" level="INFO">criteria is com.example.vamsi.login:id/btnGotoLogin</msg>
<arg>${REGISTER_LOGIN}</arg>
<arg>Login</arg>
<doc>Verifies element identified by ``locator`` exactly contains text ``expected``.</doc>
<status status="PASS" start="2024-05-14T19:26:09.663967" elapsed="0.033504"/>
</kw>
<status status="PASS" start="2024-05-14T19:26:09.089478" elapsed="0.607993"/>
</kw>
<kw name="Fill in info to register" owner="resources">
<kw name="Wait Until Element Is Visible" owner="AppiumLibrary">
<msg time="2024-05-14T19:26:09.739389" level="INFO">criteria is com.example.vamsi.login:id/etRegName</msg>
<arg>${REGISTER_NAME}</arg>
<doc>Waits until element specified with `locator` is visible.</doc>
<status status="PASS" start="2024-05-14T19:26:09.697471" elapsed="0.041918"/>
</kw>
<kw name="Input Text" owner="AppiumLibrary">
<msg time="2024-05-14T19:26:09.740392" level="INFO">Typing text '`ls`' into text field 'com.example.vamsi.login:id/etRegName'</msg>
<msg time="2024-05-14T19:26:10.286269" level="INFO">criteria is com.example.vamsi.login:id/etRegName</msg>
<arg>${REGISTER_NAME}</arg>
<arg>${name}</arg>
<doc>Types the given `text` into text field identified by `locator`.</doc>
<status status="PASS" start="2024-05-14T19:26:09.739389" elapsed="0.546880"/>
</kw>
<kw name="Input Text" owner="AppiumLibrary">
<msg time="2024-05-14T19:26:10.287262" level="INFO">Typing text '017171728409' into text field 'com.example.vamsi.login:id/etRegPhone'</msg>
<msg time="2024-05-14T19:26:11.303749" level="INFO">criteria is com.example.vamsi.login:id/etRegPhone</msg>
<arg>${REGISTER_PHONE}</arg>
<arg>${phone}</arg>
<doc>Types the given `text` into text field identified by `locator`.</doc>
<status status="PASS" start="2024-05-14T19:26:10.286269" elapsed="1.017480"/>
</kw>
<kw name="Input Text" owner="AppiumLibrary">
<msg time="2024-05-14T19:26:11.304747" level="INFO">Typing text 'quangdang@gmail.com' into text field 'com.example.vamsi.login:id/etRegGmail'</msg>
<msg time="2024-05-14T19:26:12.320674" level="INFO">criteria is com.example.vamsi.login:id/etRegGmail</msg>
<arg>${REGISTER_GMAIL}</arg>
<arg>${email}</arg>
<doc>Types the given `text` into text field identified by `locator`.</doc>
<status status="PASS" start="2024-05-14T19:26:11.303749" elapsed="1.016925"/>
</kw>
<kw name="Input Text" owner="AppiumLibrary">
<msg time="2024-05-14T19:26:12.321685" level="INFO">Typing text 'dang123' into text field 'com.example.vamsi.login:id/etRegPassword'</msg>
<msg time="2024-05-14T19:26:13.339405" level="INFO">criteria is com.example.vamsi.login:id/etRegPassword</msg>
<arg>${REGISTER_PASSWORD}</arg>
<arg>${password}</arg>
<doc>Types the given `text` into text field identified by `locator`.</doc>
<status status="PASS" start="2024-05-14T19:26:12.320674" elapsed="1.018731"/>
</kw>
<arg>`ls`</arg>
<arg>${USER2}[phone]</arg>
<arg>${USER2}[email]</arg>
<arg>${USER2}[password]</arg>
<status status="PASS" start="2024-05-14T19:26:09.697471" elapsed="3.641934"/>
</kw>
<kw name="Check info at field to register" owner="resources">
<kw name="Wait Until Element Is Visible" owner="AppiumLibrary">
<msg time="2024-05-14T19:26:13.841581" level="INFO">criteria is com.example.vamsi.login:id/etRegName</msg>
<arg>${REGISTER_NAME}</arg>
<doc>Waits until element specified with `locator` is visible.</doc>
<status status="PASS" start="2024-05-14T19:26:13.340405" elapsed="0.502199"/>
</kw>
<kw name="Element Text Should Be" owner="AppiumLibrary">
<msg time="2024-05-14T19:26:13.843600" level="INFO">Verifying element 'com.example.vamsi.login:id/etRegName' contains exactly text '`ls`'.</msg>
<msg time="2024-05-14T19:26:13.880432" level="INFO">criteria is com.example.vamsi.login:id/etRegName</msg>
<arg>${REGISTER_NAME}</arg>
<arg>${name}</arg>
<doc>Verifies element identified by ``locator`` exactly contains text ``expected``.</doc>
<status status="PASS" start="2024-05-14T19:26:13.842604" elapsed="0.037828"/>
</kw>
<kw name="Element Text Should Be" owner="AppiumLibrary">
<msg time="2024-05-14T19:26:13.880935" level="INFO">Verifying element 'com.example.vamsi.login:id/etRegPhone' contains exactly text '017171728409'.</msg>
<msg time="2024-05-14T19:26:13.919480" level="INFO">criteria is com.example.vamsi.login:id/etRegPhone</msg>
<arg>${REGISTER_PHONE}</arg>
<arg>${phone}</arg>
<doc>Verifies element identified by ``locator`` exactly contains text ``expected``.</doc>
<status status="PASS" start="2024-05-14T19:26:13.880432" elapsed="0.039048"/>
</kw>
<kw name="Element Text Should Be" owner="AppiumLibrary">
<msg time="2024-05-14T19:26:13.920484" level="INFO">Verifying element 'com.example.vamsi.login:id/etRegGmail' contains exactly text 'quangdang@gmail.com'.</msg>
<msg time="2024-05-14T19:26:13.953828" level="INFO">criteria is com.example.vamsi.login:id/etRegGmail</msg>
<arg>${REGISTER_GMAIL}</arg>
<arg>${email}</arg>
<doc>Verifies element identified by ``locator`` exactly contains text ``expected``.</doc>
<status status="PASS" start="2024-05-14T19:26:13.919480" elapsed="0.034348"/>
</kw>
<kw name="Element Attribute Should Match" owner="AppiumLibrary">
<msg time="2024-05-14T19:26:13.989231" level="INFO">Element 'com.example.vamsi.login:id/etRegPassword' attribute 'password' is 'true' </msg>
<msg time="2024-05-14T19:26:13.989231" level="INFO">criteria is com.example.vamsi.login:id/etRegPassword</msg>
<arg>${REGISTER_PASSWORD}</arg>
<arg>password</arg>
<arg>true</arg>
<doc>Verify that an attribute of an element matches the expected criteria.</doc>
<status status="PASS" start="2024-05-14T19:26:13.953828" elapsed="0.035403"/>
</kw>
<kw name="Element Text Should Be" owner="AppiumLibrary">
<msg time="2024-05-14T19:26:13.990232" level="INFO">Verifying element 'com.example.vamsi.login:id/etRegPassword' contains exactly text '•••••••'.</msg>
<msg time="2024-05-14T19:26:14.024940" level="INFO">criteria is com.example.vamsi.login:id/etRegPassword</msg>
<arg>${REGISTER_PASSWORD}</arg>
<arg>${password}</arg>
<doc>Verifies element identified by ``locator`` exactly contains text ``expected``.</doc>
<status status="PASS" start="2024-05-14T19:26:13.989231" elapsed="0.035709"/>
</kw>
<arg>`ls`</arg>
<arg>${USER2}[phone]</arg>
<arg>${USER2}[email]</arg>
<arg>•••••••</arg>
<status status="PASS" start="2024-05-14T19:26:13.340405" elapsed="0.684535"/>
</kw>
<kw name="Submit to register" owner="resources">
<kw name="Wait Until Element Is Visible" owner="AppiumLibrary">
<msg time="2024-05-14T19:26:14.060237" level="INFO">criteria is com.example.vamsi.login:id/btnRegLogin</msg>
<arg>${REGISTER_BUTTON}</arg>
<doc>Waits until element specified with `locator` is visible.</doc>
<status status="PASS" start="2024-05-14T19:26:14.024940" elapsed="0.035297"/>
</kw>
<kw name="Click Element" owner="AppiumLibrary">
<msg time="2024-05-14T19:26:14.061240" level="INFO">Clicking element 'com.example.vamsi.login:id/btnRegLogin'.</msg>
<msg time="2024-05-14T19:26:14.145325" level="INFO">criteria is com.example.vamsi.login:id/btnRegLogin</msg>
<arg>${REGISTER_BUTTON}</arg>
<doc>Click element identified by `locator`.</doc>
<status status="PASS" start="2024-05-14T19:26:14.060237" elapsed="0.085088"/>
</kw>
<kw name="Sleep" owner="BuiltIn">
<msg time="2024-05-14T19:26:16.145509" level="INFO">Slept 2 seconds.</msg>
<arg>2</arg>
<doc>Pauses the test executed for the given time.</doc>
<status status="PASS" start="2024-05-14T19:26:14.145325" elapsed="2.000184"/>
</kw>
<status status="PASS" start="2024-05-14T19:26:14.024940" elapsed="2.120569"/>
</kw>
<kw name="Wait Until Page Contains" owner="AppiumLibrary">
<arg>Registration Successful</arg>
<doc>Waits until `text` appears on current page.</doc>
<status status="PASS" start="2024-05-14T19:26:16.145509" elapsed="0.047101"/>
</kw>
<kw name="Page Should Contain Text" owner="AppiumLibrary">
<msg time="2024-05-14T19:26:16.241358" level="INFO">Current page contains text 'Registration Successful'.</msg>
<arg>Registration Successful</arg>
<doc>Verifies that current page contains `text`.</doc>
<status status="PASS" start="2024-05-14T19:26:16.193602" elapsed="0.047756"/>
</kw>
<kw name="Go to login at register" owner="resources">
<kw name="Wait Until Element Is Visible" owner="AppiumLibrary">
<msg time="2024-05-14T19:26:16.278659" level="INFO">criteria is com.example.vamsi.login:id/btnGotoLogin</msg>
<arg>${REGISTER_LOGIN}</arg>
<doc>Waits until element specified with `locator` is visible.</doc>
<status status="PASS" start="2024-05-14T19:26:16.242343" elapsed="0.036316"/>
</kw>
<kw name="Click Element" owner="AppiumLibrary">
<msg time="2024-05-14T19:26:16.280653" level="INFO">Clicking element 'com.example.vamsi.login:id/btnGotoLogin'.</msg>
<msg time="2024-05-14T19:26:17.855801" level="INFO">criteria is com.example.vamsi.login:id/btnGotoLogin</msg>
<arg>${REGISTER_LOGIN}</arg>
<doc>Click element identified by `locator`.</doc>
<status status="PASS" start="2024-05-14T19:26:16.279656" elapsed="1.576145"/>
</kw>
<kw name="Sleep" owner="BuiltIn">
<msg time="2024-05-14T19:26:19.857841" level="INFO">Slept 2 seconds.</msg>
<arg>2</arg>
<doc>Pauses the test executed for the given time.</doc>
<status status="PASS" start="2024-05-14T19:26:17.855801" elapsed="2.002040"/>
</kw>
<status status="PASS" start="2024-05-14T19:26:16.242343" elapsed="3.615498"/>
</kw>
<kw name="Fail" owner="BuiltIn">
<msg time="2024-05-14T19:26:19.858838" level="FAIL">Remote Code Execution is possible. Register should not working when Remote Code Execution is detected.</msg>
<arg>Remote Code Execution is possible. Register should not working when Remote Code Execution is detected.</arg>
<doc>Fails the test with the given message and optionally alters its tags.</doc>
<status status="FAIL" start="2024-05-14T19:26:19.857841" elapsed="0.000997">Remote Code Execution is possible. Register should not working when Remote Code Execution is detected.</status>
</kw>
<status status="FAIL" start="2024-05-14T19:26:05.607221" elapsed="14.251617">Remote Code Execution is possible. Register should not working when Remote Code Execution is detected.</status>
</test>
<kw name="Close Application" owner="AppiumLibrary" type="TEARDOWN">
<doc>Closes the current application and also close webdriver session.</doc>
<status status="PASS" start="2024-05-14T19:26:19.860995" elapsed="0.314311"/>
</kw>
<status status="FAIL" start="2024-05-14T19:20:08.031805" elapsed="372.143501"/>
</suite>
<statistics>
<total>
<stat pass="18" fail="7" skip="0">All Tests</stat>
</total>
<tag>
</tag>
<suite>
<stat pass="18" fail="7" skip="0" id="s1" name="Register">Register</stat>
</suite>
</statistics>
<errors>
</errors>
</robot>
